#
# There is insufficient memory for the Java Runtime Environment to continue.
# Native memory allocation (mmap) failed to map 65536 bytes for Failed to commit metaspace.
# Possible reasons:
#   The system is out of physical RAM or swap space
#   The process is running with CompressedOops enabled, and the Java Heap may be blocking the growth of the native heap
# Possible solutions:
#   Reduce memory load on the system
#   Increase physical memory or swap space
#   Check if swap backing store is full
#   Decrease Java heap size (-Xmx/-Xms)
#   Decrease number of Java threads
#   Decrease Java thread stack sizes (-Xss)
#   Set larger code cache with -XX:ReservedCodeCacheSize=
#   JVM is running with Unscaled Compressed Oops mode in which the Java heap is
#     placed in the first 4GB address space. The Java Heap base address is the
#     maximum limit for the native heap growth. Please use -XX:HeapBaseMinAddress
#     to set the Java Heap base and to place the Java Heap above 4GB virtual address.
# This output file may be truncated or incomplete.
#
#  Out of Memory Error (virtualSpaceNode.cpp:108), pid=6084, tid=8248
#
# JRE version: Java(TM) SE Runtime Environment (16.0.1+9) (build 16.0.1+9-24)
# Java VM: Java HotSpot(TM) 64-Bit Server VM (16.0.1+9-24, mixed mode, sharing, tiered, compressed oops, compressed class ptrs, g1 gc, windows-amd64)
# No core dump will be written. Minidumps are not enabled by default on client versions of Windows
#

---------------  S U M M A R Y ------------

Command Line: -XX:TieredStopAtLevel=1 -Xverify:none -Dspring.output.ansi.enabled=always -javaagent:C:\Program Files\JetBrains\IntelliJ IDEA 2021.1.2\lib\idea_rt.jar=1241:C:\Program Files\JetBrains\IntelliJ IDEA 2021.1.2\bin -Dcom.sun.management.jmxremote -Dspring.jmx.enabled=true -Dspring.liveBeansView.mbeanDomain -Dspring.application.admin.enabled=true -Dfile.encoding=UTF-8 locations.LocationsSpringSolutionApplication

Host: Intel(R) Pentium(R) CPU  N3530  @ 2.16GHz, 4 cores, 3G,  Windows 10 , 64 bit Build 19041 (10.0.19041.1023)
Time: Tue Jul 13 20:08:22 2021 Közép-európai nyári iduild 19041 (10.0.19041.1023) elapsed time: 54.568552 seconds (0d 0h 0m 54s)

---------------  T H R E A D  ---------------

Current thread (0x000001bb4b5e8b20):  JavaThread "http-nio-8080-exec-3" daemon [_thread_in_vm, id=8248, stack(0x00000049f4d00000,0x00000049f4e00000)]

Stack: [0x00000049f4d00000,0x00000049f4e00000]
Native frames: (J=compiled Java code, j=interpreted, Vv=VM code, C=native code)
V  [jvm.dll+0x6687ca]
V  [jvm.dll+0x7ca3c9]
V  [jvm.dll+0x7cbb53]
V  [jvm.dll+0x7cc1b3]
V  [jvm.dll+0x242ea5]
V  [jvm.dll+0x7c6a4b]
V  [jvm.dll+0x60e436]
V  [jvm.dll+0x1be93e]
V  [jvm.dll+0x610b91]
V  [jvm.dll+0x60ed31]
V  [jvm.dll+0x2372ef]
V  [jvm.dll+0x6193b5]
V  [jvm.dll+0x1e9a52]
V  [jvm.dll+0x1e9f85]
V  [jvm.dll+0x1eab0f]
V  [jvm.dll+0x1df8a1]
V  [jvm.dll+0x536728]
V  [jvm.dll+0x743011]
V  [jvm.dll+0x40775f]
V  [jvm.dll+0x40da82]
C  [java.dll+0x17c8]

Java frames: (J=compiled Java code, j=interpreted, Vv=VM code)
J 1153  java.lang.ClassLoader.defineClass1(Ljava/lang/ClassLoader;Ljava/lang/String;[BIILjava/security/ProtectionDomain;Ljava/lang/String;)Ljava/lang/Class; java.base@16.0.1 (0 bytes) @ 0x000001bb331acd0b [0x000001bb331acc40+0x00000000000000cb]
J 1370 c1 java.lang.ClassLoader.defineClass(Ljava/lang/String;[BIILjava/security/ProtectionDomain;)Ljava/lang/Class; java.base@16.0.1 (43 bytes) @ 0x000001bb332056dc [0x000001bb332055e0+0x00000000000000fc]
J 1174 c1 jdk.internal.loader.BuiltinClassLoader.defineClass(Ljava/lang/String;Ljdk/internal/loader/Resource;)Ljava/lang/Class; java.base@16.0.1 (121 bytes) @ 0x000001bb331b6de4 [0x000001bb331b6920+0x00000000000004c4]
J 1317 c1 jdk.internal.loader.BuiltinClassLoader.findClassOnClassPathOrNull(Ljava/lang/String;)Ljava/lang/Class; java.base@16.0.1 (64 bytes) @ 0x000001bb331ee15c [0x000001bb331edea0+0x00000000000002bc]
J 1018 c1 jdk.internal.loader.BuiltinClassLoader.loadClassOrNull(Ljava/lang/String;Z)Ljava/lang/Class; java.base@16.0.1 (143 bytes) @ 0x000001bb3316f394 [0x000001bb3316ef20+0x0000000000000474]
J 1101 c1 jdk.internal.loader.ClassLoaders$AppClassLoader.loadClass(Ljava/lang/String;Z)Ljava/lang/Class; java.base@16.0.1 (40 bytes) @ 0x000001bb33195a4c [0x000001bb33195900+0x000000000000014c]
J 1096 c1 java.lang.ClassLoader.loadClass(Ljava/lang/String;)Ljava/lang/Class; java.base@16.0.1 (7 bytes) @ 0x000001bb33194884 [0x000001bb33194840+0x0000000000000044]
v  ~StubRoutines::call_stub
j  org.hibernate.query.internal.AbstractProducedQuery.makeQueryParametersForExecution(Ljava/lang/String;)Lorg/hibernate/engine/spi/QueryParameters;+46
j  org.hibernate.query.internal.AbstractProducedQuery.doList()Ljava/util/List;+82
j  org.hibernate.query.internal.AbstractProducedQuery.list()Ljava/util/List;+5
j  org.hibernate.query.Query.getResultList()Ljava/util/List;+1
j  org.hibernate.query.criteria.internal.compile.CriteriaQueryTypeQueryAdapter.getResultList()Ljava/util/List;+4
j  org.springframework.data.jpa.repository.support.SimpleJpaRepository.findAll()Ljava/util/List;+8
v  ~StubRoutines::call_stub
J 2868  jdk.internal.reflect.NativeMethodAccessorImpl.invoke0(Ljava/lang/reflect/Method;Ljava/lang/Object;[Ljava/lang/Object;)Ljava/lang/Object; java.base@16.0.1 (0 bytes) @ 0x000001bb3347834f [0x000001bb334782c0+0x000000000000008f]
J 2867 c1 jdk.internal.reflect.NativeMethodAccessorImpl.invoke(Ljava/lang/Object;[Ljava/lang/Object;)Ljava/lang/Object; java.base@16.0.1 (150 bytes) @ 0x000001bb33478bcc [0x000001bb33478820+0x00000000000003ac]
J 2387 c1 jdk.internal.reflect.DelegatingMethodAccessorImpl.invoke(Ljava/lang/Object;[Ljava/lang/Object;)Ljava/lang/Object; java.base@16.0.1 (10 bytes) @ 0x000001bb3339f484 [0x000001bb3339f440+0x0000000000000044]
J 2409 c1 java.lang.reflect.Method.invoke(Ljava/lang/Object;[Ljava/lang/Object;)Ljava/lang/Object; java.base@16.0.1 (65 bytes) @ 0x000001bb333aa064 [0x000001bb333a9f60+0x0000000000000104]
j  org.springframework.data.repository.core.support.RepositoryMethodInvoker$RepositoryFragmentMethodInvoker.lambda$new$0(Lorg/springframework/data/repository/core/support/RepositoryMethodInvoker$RepositoryFragmentMethodInvoker$CoroutineAdapterInformation;Ljava/lang/reflect/Method;Ljava/lang/Object;[Ljava/lang/Object;)Ljava/lang/Object;+38
j  org.springframework.data.repository.core.support.RepositoryMethodInvoker$RepositoryFragmentMethodInvoker$$Lambda$1121+0x00000008013681f8.invoke([Ljava/lang/Object;)Ljava/lang/Object;+13
j  org.springframework.data.repository.core.support.RepositoryMethodInvoker.doInvoke(Ljava/lang/Class;Lorg/springframework/data/repository/core/support/RepositoryInvocationMulticaster;[Ljava/lang/Object;)Ljava/lang/Object;+11
j  org.springframework.data.repository.core.support.RepositoryMethodInvoker.invoke(Ljava/lang/Class;Lorg/springframework/data/repository/core/support/RepositoryInvocationMulticaster;[Ljava/lang/Object;)Ljava/lang/Object;+21
j  org.springframework.data.repository.core.support.RepositoryComposition$RepositoryFragments.invoke(Ljava/lang/Class;Lorg/springframework/data/repository/core/support/RepositoryInvocationMulticaster;Ljava/lang/reflect/Method;Ljava/lang/reflect/Method;[Ljava/lang/Object;)Ljava/lang/Object;+113
j  org.springframework.data.repository.core.support.RepositoryComposition.invoke(Lorg/springframework/data/repository/core/support/RepositoryInvocationMulticaster;Ljava/lang/reflect/Method;[Ljava/lang/Object;)Ljava/lang/Object;+84
j  org.springframework.data.repository.core.support.RepositoryFactorySupport$ImplementationMethodExecutionInterceptor.invoke(Lorg/aopalliance/intercept/MethodInvocation;)Ljava/lang/Object;+24
j  org.springframework.aop.framework.ReflectiveMethodInvocation.proceed()Ljava/lang/Object;+120
j  org.springframework.data.repository.core.support.QueryExecutorMethodInterceptor.doInvoke(Lorg/aopalliance/intercept/MethodInvocation;)Ljava/lang/Object;+88
j  org.springframework.data.repository.core.support.QueryExecutorMethodInterceptor.invoke(Lorg/aopalliance/intercept/MethodInvocation;)Ljava/lang/Object;+25
j  org.springframework.aop.framework.ReflectiveMethodInvocation.proceed()Ljava/lang/Object;+120
j  org.springframework.data.projection.DefaultMethodInvokingMethodInterceptor.invoke(Lorg/aopalliance/intercept/MethodInvocation;)Ljava/lang/Object;+15
j  org.springframework.aop.framework.ReflectiveMethodInvocation.proceed()Ljava/lang/Object;+120
j  org.springframework.transaction.interceptor.TransactionInterceptor$1.proceedWithInvocation()Ljava/lang/Object;+4
j  org.springframework.transaction.interceptor.TransactionAspectSupport.invokeWithinTransaction(Ljava/lang/reflect/Method;Ljava/lang/Class;Lorg/springframework/transaction/interceptor/TransactionAspectSupport$InvocationCallback;)Ljava/lang/Object;+291
j  org.springframework.transaction.interceptor.TransactionInterceptor.invoke(Lorg/aopalliance/intercept/MethodInvocation;)Ljava/lang/Object;+40
j  org.springframework.aop.framework.ReflectiveMethodInvocation.proceed()Ljava/lang/Object;+120
j  org.springframework.dao.support.PersistenceExceptionTranslationInterceptor.invoke(Lorg/aopalliance/intercept/MethodInvocation;)Ljava/lang/Object;+1
j  org.springframework.aop.framework.ReflectiveMethodInvocation.proceed()Ljava/lang/Object;+120
j  org.springframework.data.jpa.repository.support.CrudMethodMetadataPostProcessor$CrudMethodMetadataPopulatingMethodInterceptor.invoke(Lorg/aopalliance/intercept/MethodInvocation;)Ljava/lang/Object;+139
j  org.springframework.aop.framework.ReflectiveMethodInvocation.proceed()Ljava/lang/Object;+120
j  org.springframework.aop.interceptor.ExposeInvocationInterceptor.invoke(Lorg/aopalliance/intercept/MethodInvocation;)Ljava/lang/Object;+18
j  org.springframework.aop.framework.ReflectiveMethodInvocation.proceed()Ljava/lang/Object;+120
j  org.springframework.aop.framework.JdkDynamicAopProxy.invoke(Ljava/lang/Object;Ljava/lang/reflect/Method;[Ljava/lang/Object;)Ljava/lang/Object;+386
j  jdk.proxy3.$Proxy113.findAll()Ljava/util/List;+9 jdk.proxy3
j  locations.LocationsService.getLocations(Ljava/util/Optional;)Ljava/util/List;+4
j  locations.LocationsService$$FastClassBySpringCGLIB$$bcd65a27.invoke(ILjava/lang/Object;[Ljava/lang/Object;)Ljava/lang/Object;+99
j  org.springframework.cglib.proxy.MethodProxy.invoke(Ljava/lang/Object;[Ljava/lang/Object;)Ljava/lang/Object;+19
j  org.springframework.aop.framework.CglibAopProxy$DynamicAdvisedInterceptor.intercept(Ljava/lang/Object;Ljava/lang/reflect/Method;[Ljava/lang/Object;Lorg/springframework/cglib/proxy/MethodProxy;)Ljava/lang/Object;+107
j  locations.LocationsService$$EnhancerBySpringCGLIB$$c9b082fa.getLocations(Ljava/util/Optional;)Ljava/util/List;+36
j  locations.LocationsController.getLocations(Ljava/util/Optional;)Ljava/util/List;+5
v  ~StubRoutines::call_stub
J 2868  jdk.internal.reflect.NativeMethodAccessorImpl.invoke0(Ljava/lang/reflect/Method;Ljava/lang/Object;[Ljava/lang/Object;)Ljava/lang/Object; java.base@16.0.1 (0 bytes) @ 0x000001bb3347834f [0x000001bb334782c0+0x000000000000008f]
J 2867 c1 jdk.internal.reflect.NativeMethodAccessorImpl.invoke(Ljava/lang/Object;[Ljava/lang/Object;)Ljava/lang/Object; java.base@16.0.1 (150 bytes) @ 0x000001bb33478bcc [0x000001bb33478820+0x00000000000003ac]
J 2387 c1 jdk.internal.reflect.DelegatingMethodAccessorImpl.invoke(Ljava/lang/Object;[Ljava/lang/Object;)Ljava/lang/Object; java.base@16.0.1 (10 bytes) @ 0x000001bb3339f484 [0x000001bb3339f440+0x0000000000000044]
J 2409 c1 java.lang.reflect.Method.invoke(Ljava/lang/Object;[Ljava/lang/Object;)Ljava/lang/Object; java.base@16.0.1 (65 bytes) @ 0x000001bb333aa064 [0x000001bb333a9f60+0x0000000000000104]
j  org.springframework.web.method.support.InvocableHandlerMethod.doInvoke([Ljava/lang/Object;)Ljava/lang/Object;+32
j  org.springframework.web.method.support.InvocableHandlerMethod.invokeForRequest(Lorg/springframework/web/context/request/NativeWebRequest;Lorg/springframework/web/method/support/ModelAndViewContainer;[Ljava/lang/Object;)Ljava/lang/Object;+54
j  org.springframework.web.servlet.mvc.method.annotation.ServletInvocableHandlerMethod.invokeAndHandle(Lorg/springframework/web/context/request/ServletWebRequest;Lorg/springframework/web/method/support/ModelAndViewContainer;[Ljava/lang/Object;)V+4
j  org.springframework.web.servlet.mvc.method.annotation.RequestMappingHandlerAdapter.invokeHandlerMethod(Ljavax/servlet/http/HttpServletRequest;Ljavax/servlet/http/HttpServletResponse;Lorg/springframework/web/method/HandlerMethod;)Lorg/springframework/web/servlet/ModelAndView;+244
j  org.springframework.web.servlet.mvc.method.annotation.RequestMappingHandlerAdapter.handleInternal(Ljavax/servlet/http/HttpServletRequest;Ljavax/servlet/http/HttpServletResponse;Lorg/springframework/web/method/HandlerMethod;)Lorg/springframework/web/servlet/ModelAndView;+81
j  org.springframework.web.servlet.mvc.method.AbstractHandlerMethodAdapter.handle(Ljavax/servlet/http/HttpServletRequest;Ljavax/servlet/http/HttpServletResponse;Ljava/lang/Object;)Lorg/springframework/web/servlet/ModelAndView;+7
j  org.springframework.web.servlet.DispatcherServlet.doDispatch(Ljavax/servlet/http/HttpServletRequest;Ljavax/servlet/http/HttpServletResponse;)V+259
j  org.springframework.web.servlet.DispatcherServlet.doService(Ljavax/servlet/http/HttpServletRequest;Ljavax/servlet/http/HttpServletResponse;)V+241
j  org.springframework.web.servlet.FrameworkServlet.processRequest(Ljavax/servlet/http/HttpServletRequest;Ljavax/servlet/http/HttpServletResponse;)V+71
j  org.springframework.web.servlet.FrameworkServlet.doGet(Ljavax/servlet/http/HttpServletRequest;Ljavax/servlet/http/HttpServletResponse;)V+3
j  javax.servlet.http.HttpServlet.service(Ljavax/servlet/http/HttpServletRequest;Ljavax/servlet/http/HttpServletResponse;)V+35
j  org.springframework.web.servlet.FrameworkServlet.service(Ljavax/servlet/http/HttpServletRequest;Ljavax/servlet/http/HttpServletResponse;)V+33
j  javax.servlet.http.HttpServlet.service(Ljavax/servlet/ServletRequest;Ljavax/servlet/ServletResponse;)V+36
j  org.apache.catalina.core.ApplicationFilterChain.internalDoFilter(Ljavax/servlet/ServletRequest;Ljavax/servlet/ServletResponse;)V+304
j  org.apache.catalina.core.ApplicationFilterChain.doFilter(Ljavax/servlet/ServletRequest;Ljavax/servlet/ServletResponse;)V+99
j  org.apache.tomcat.websocket.server.WsFilter.doFilter(Ljavax/servlet/ServletRequest;Ljavax/servlet/ServletResponse;Ljavax/servlet/FilterChain;)V+21
j  org.apache.catalina.core.ApplicationFilterChain.internalDoFilter(Ljavax/servlet/ServletRequest;Ljavax/servlet/ServletResponse;)V+135
j  org.apache.catalina.core.ApplicationFilterChain.doFilter(Ljavax/servlet/ServletRequest;Ljavax/servlet/ServletResponse;)V+99
j  org.springframework.web.filter.RequestContextFilter.doFilterInternal(Ljavax/servlet/http/HttpServletRequest;Ljavax/servlet/http/HttpServletResponse;Ljavax/servlet/FilterChain;)V+21
j  org.springframework.web.filter.OncePerRequestFilter.doFilter(Ljavax/servlet/ServletRequest;Ljavax/servlet/ServletResponse;Ljavax/servlet/FilterChain;)V+147
j  org.apache.catalina.core.ApplicationFilterChain.internalDoFilter(Ljavax/servlet/ServletRequest;Ljavax/servlet/ServletResponse;)V+135
j  org.apache.catalina.core.ApplicationFilterChain.doFilter(Ljavax/servlet/ServletRequest;Ljavax/servlet/ServletResponse;)V+99
j  org.springframework.web.filter.FormContentFilter.doFilterInternal(Ljavax/servlet/http/HttpServletRequest;Ljavax/servlet/http/HttpServletResponse;Ljavax/servlet/FilterChain;)V+38
j  org.springframework.web.filter.OncePerRequestFilter.doFilter(Ljavax/servlet/ServletRequest;Ljavax/servlet/ServletResponse;Ljavax/servlet/FilterChain;)V+147
j  org.apache.catalina.core.ApplicationFilterChain.internalDoFilter(Ljavax/servlet/ServletRequest;Ljavax/servlet/ServletResponse;)V+135
j  org.apache.catalina.core.ApplicationFilterChain.doFilter(Ljavax/servlet/ServletRequest;Ljavax/servlet/ServletResponse;)V+99
j  org.springframework.web.filter.CharacterEncodingFilter.doFilterInternal(Ljavax/servlet/http/HttpServletRequest;Ljavax/servlet/http/HttpServletResponse;Ljavax/servlet/FilterChain;)V+53
j  org.springframework.web.filter.OncePerRequestFilter.doFilter(Ljavax/servlet/ServletRequest;Ljavax/servlet/ServletResponse;Ljavax/servlet/FilterChain;)V+147
j  org.apache.catalina.core.ApplicationFilterChain.internalDoFilter(Ljavax/servlet/ServletRequest;Ljavax/servlet/ServletResponse;)V+135
j  org.apache.catalina.core.ApplicationFilterChain.doFilter(Ljavax/servlet/ServletRequest;Ljavax/servlet/ServletResponse;)V+99
j  org.apache.catalina.core.StandardWrapperValve.invoke(Lorg/apache/catalina/connector/Request;Lorg/apache/catalina/connector/Response;)V+694
j  org.apache.catalina.core.StandardContextValve.invoke(Lorg/apache/catalina/connector/Request;Lorg/apache/catalina/connector/Response;)V+169
j  org.apache.catalina.authenticator.AuthenticatorBase.invoke(Lorg/apache/catalina/connector/Request;Lorg/apache/catalina/connector/Response;)V+260
j  org.apache.catalina.core.StandardHostValve.invoke(Lorg/apache/catalina/connector/Request;Lorg/apache/catalina/connector/Response;)V+128
j  org.apache.catalina.valves.ErrorReportValve.invoke(Lorg/apache/catalina/connector/Request;Lorg/apache/catalina/connector/Response;)V+6
j  org.apache.catalina.core.StandardEngineValve.invoke(Lorg/apache/catalina/connector/Request;Lorg/apache/catalina/connector/Response;)V+59
j  org.apache.catalina.connector.CoyoteAdapter.service(Lorg/apache/coyote/Request;Lorg/apache/coyote/Response;)V+199
j  org.apache.coyote.http11.Http11Processor.service(Lorg/apache/tomcat/util/net/SocketWrapperBase;)Lorg/apache/tomcat/util/net/AbstractEndpoint$Handler$SocketState;+737
j  org.apache.coyote.AbstractProcessorLight.process(Lorg/apache/tomcat/util/net/SocketWrapperBase;Lorg/apache/tomcat/util/net/SocketEvent;)Lorg/apache/tomcat/util/net/AbstractEndpoint$Handler$SocketState;+170
j  org.apache.coyote.AbstractProtocol$ConnectionHandler.process(Lorg/apache/tomcat/util/net/SocketWrapperBase;Lorg/apache/tomcat/util/net/SocketEvent;)Lorg/apache/tomcat/util/net/AbstractEndpoint$Handler$SocketState;+505
j  org.apache.tomcat.util.net.NioEndpoint$SocketProcessor.doRun()V+216
j  org.apache.tomcat.util.net.SocketProcessorBase.run()V+21
j  java.util.concurrent.ThreadPoolExecutor.runWorker(Ljava/util/concurrent/ThreadPoolExecutor$Worker;)V+92 java.base@16.0.1
j  java.util.concurrent.ThreadPoolExecutor$Worker.run()V+5 java.base@16.0.1
j  org.apache.tomcat.util.threads.TaskThread$WrappingRunnable.run()V+4
j  java.lang.Thread.run()V+11 java.base@16.0.1
v  ~StubRoutines::call_stub

---------------  P R O C E S S  ---------------

Threads class SMR info:
_java_thread_list=0x000001bb47510930, length=32, elements={
0x000001bb2b2a9580, 0x000001bb2b2aa440, 0x000001bb462ce380, 0x000001bb462d0000,
0x000001bb462d2a20, 0x000001bb462d3330, 0x000001bb462df150, 0x000001bb462e26d0,
0x000001bb46d20510, 0x000001bb471f2150, 0x000001bb471f5ed0, 0x000001bb4736c910,
0x000001bb4756b430, 0x000001bb4756b950, 0x000001bb475d8430, 0x000001bb475dafd0,
0x000001bb4b5e8080, 0x000001bb4b5ea060, 0x000001bb4b5e85d0, 0x000001bb4b5e75e0,
0x000001bb4b5e7b30, 0x000001bb4b5e8b20, 0x000001bb4b5e9070, 0x000001bb4b5e95c0,
0x000001bb4b5ea5b0, 0x000001bb4b5e9b10, 0x000001bb4b5e7090, 0x000001bb4b749af0,
0x000001bb4b74c570, 0x000001bb4b74eaa0, 0x000001bb4b749050, 0x000001bb4b747b10
}

Java Threads: ( => current thread )
  0x000001bb2b2a9580 JavaThread "Reference Handler" daemon [_thread_blocked, id=1664, stack(0x00000049f3000000,0x00000049f3100000)]
  0x000001bb2b2aa440 JavaThread "Finalizer" daemon [_thread_blocked, id=1864, stack(0x00000049f3100000,0x00000049f3200000)]
  0x000001bb462ce380 JavaThread "Signal Dispatcher" daemon [_thread_blocked, id=3048, stack(0x00000049f3200000,0x00000049f3300000)]
  0x000001bb462d0000 JavaThread "Attach Listener" daemon [_thread_blocked, id=2032, stack(0x00000049f3300000,0x00000049f3400000)]
  0x000001bb462d2a20 JavaThread "Service Thread" daemon [_thread_blocked, id=8204, stack(0x00000049f3400000,0x00000049f3500000)]
  0x000001bb462d3330 JavaThread "Monitor Deflation Thread" daemon [_thread_blocked, id=8968, stack(0x00000049f3500000,0x00000049f3600000)]
  0x000001bb462df150 JavaThread "C1 CompilerThread0" daemon [_thread_blocked, id=3732, stack(0x00000049f3600000,0x00000049f3700000)]
  0x000001bb462e26d0 JavaThread "Sweeper thread" daemon [_thread_blocked, id=7132, stack(0x00000049f3700000,0x00000049f3800000)]
  0x000001bb46d20510 JavaThread "Common-Cleaner" daemon [_thread_blocked, id=7824, stack(0x00000049f3800000,0x00000049f3900000)]
  0x000001bb471f2150 JavaThread "Monitor Ctrl-Break" daemon [_thread_in_native, id=6328, stack(0x00000049f3900000,0x00000049f3a00000)]
  0x000001bb471f5ed0 JavaThread "Notification Thread" daemon [_thread_blocked, id=8216, stack(0x00000049f3a00000,0x00000049f3b00000)]
  0x000001bb4736c910 JavaThread "RMI TCP Accept-0" daemon [_thread_in_native, id=1860, stack(0x00000049f3b00000,0x00000049f3c00000)]
  0x000001bb4756b430 JavaThread "Catalina-utility-1" [_thread_blocked, id=2844, stack(0x00000049f4300000,0x00000049f4400000)]
  0x000001bb4756b950 JavaThread "Catalina-utility-2" [_thread_blocked, id=4088, stack(0x00000049f4400000,0x00000049f4500000)]
  0x000001bb475d8430 JavaThread "container-0" [_thread_blocked, id=6076, stack(0x00000049f4500000,0x00000049f4600000)]
  0x000001bb475dafd0 JavaThread "HikariPool-1 housekeeper" daemon [_thread_blocked, id=9160, stack(0x00000049f4700000,0x00000049f4800000)]
  0x000001bb4b5e8080 JavaThread "File Watcher" daemon [_thread_blocked, id=10132, stack(0x00000049f4800000,0x00000049f4900000)]
  0x000001bb4b5ea060 JavaThread "Live Reload Server" daemon [_thread_in_native, id=6452, stack(0x00000049f4900000,0x00000049f4a00000)]
  0x000001bb4b5e85d0 JavaThread "http-nio-8080-BlockPoller" daemon [_thread_blocked, id=8980, stack(0x00000049f4a00000,0x00000049f4b00000)]
  0x000001bb4b5e75e0 JavaThread "http-nio-8080-exec-1" daemon [_thread_blocked, id=4840, stack(0x00000049f4b00000,0x00000049f4c00000)]
  0x000001bb4b5e7b30 JavaThread "http-nio-8080-exec-2" daemon [_thread_blocked, id=9588, stack(0x00000049f4c00000,0x00000049f4d00000)]
=>0x000001bb4b5e8b20 JavaThread "http-nio-8080-exec-3" daemon [_thread_in_vm, id=8248, stack(0x00000049f4d00000,0x00000049f4e00000)]
  0x000001bb4b5e9070 JavaThread "http-nio-8080-exec-4" daemon [_thread_blocked, id=5780, stack(0x00000049f4e00000,0x00000049f4f00000)]
  0x000001bb4b5e95c0 JavaThread "http-nio-8080-exec-5" daemon [_thread_blocked, id=204, stack(0x00000049f4f00000,0x00000049f5000000)]
  0x000001bb4b5ea5b0 JavaThread "http-nio-8080-exec-6" daemon [_thread_blocked, id=7204, stack(0x00000049f5000000,0x00000049f5100000)]
  0x000001bb4b5e9b10 JavaThread "http-nio-8080-exec-7" daemon [_thread_blocked, id=7064, stack(0x00000049f5100000,0x00000049f5200000)]
  0x000001bb4b5e7090 JavaThread "http-nio-8080-exec-8" daemon [_thread_blocked, id=9184, stack(0x00000049f5200000,0x00000049f5300000)]
  0x000001bb4b749af0 JavaThread "http-nio-8080-exec-9" daemon [_thread_blocked, id=32, stack(0x00000049f5300000,0x00000049f5400000)]
  0x000001bb4b74c570 JavaThread "http-nio-8080-exec-10" daemon [_thread_blocked, id=8188, stack(0x00000049f5400000,0x00000049f5500000)]
  0x000001bb4b74eaa0 JavaThread "http-nio-8080-ClientPoller" daemon [_thread_blocked, id=7844, stack(0x00000049f5500000,0x00000049f5600000)]
  0x000001bb4b749050 JavaThread "http-nio-8080-Acceptor" daemon [_thread_in_native, id=6068, stack(0x00000049f5600000,0x00000049f5700000)]
  0x000001bb4b747b10 JavaThread "DestroyJavaVM" [_thread_blocked, id=10216, stack(0x00000049f2900000,0x00000049f2a00000)]

Other Threads:
  0x000001bb2b2a5930 VMThread "VM Thread" [stack: 0x00000049f2f00000,0x00000049f3000000] [id=4184] _threads_hazard_ptr=0x000001bb47510930
  0x000001bb2b1f0c20 WatcherThread [stack: 0x00000049f3c00000,0x00000049f3d00000] [id=8868]
  0x000001bb2b21ec10 GCTaskThread "GC Thread#0" [stack: 0x00000049f2a00000,0x00000049f2b00000] [id=8988]
  0x000001bb2b1f0f10 GCTaskThread "GC Thread#1" [stack: 0x00000049f3d00000,0x00000049f3e00000] [id=3360]
  0x000001bb473636e0 GCTaskThread "GC Thread#2" [stack: 0x00000049f3e00000,0x00000049f3f00000] [id=8164]
  0x000001bb473d1f70 GCTaskThread "GC Thread#3" [stack: 0x00000049f3f00000,0x00000049f4000000] [id=9832]
  0x000001bb2b228960 ConcurrentGCThread "G1 Main Marker" [stack: 0x00000049f2b00000,0x00000049f2c00000] [id=9372]
  0x000001bb2b2293d0 ConcurrentGCThread "G1 Conc#0" [stack: 0x00000049f2c00000,0x00000049f2d00000] [id=6944]
  0x000001bb2b27c150 ConcurrentGCThread "G1 Refine#0" [stack: 0x00000049f2d00000,0x00000049f2e00000] [id=5204]
  0x000001bb473d2b80 ConcurrentGCThread "G1 Refine#1" [stack: 0x00000049f4000000,0x00000049f4100000] [id=7408]
  0x000001bb2b27cbd0 ConcurrentGCThread "G1 Service" [stack: 0x00000049f2e00000,0x00000049f2f00000] [id=9336]

Threads with active compile tasks:

VM state: synchronizing (normal execution)

VM Mutex/Monitor currently owned by a thread:  ([mutex/lock_event])
[0x000001bb2b1eac50] MetaspaceExpand_lock - owner thread: 0x000001bb4b5e8b20
[0x000001bb2b1ed2e0] Threads_lock - owner thread: 0x000001bb2b2a5930

Heap address: 0x00000000c1c00000, size: 996 MB, Compressed Oops mode: 32-bit

CDS archive(s) mapped at: [0x0000000800000000-0x0000000800bb0000-0x0000000800bb0000), size 12255232, SharedBaseAddress: 0x0000000800000000, ArchiveRelocationMode: 0.
Compressed class space mapped at: 0x0000000800c00000-0x0000000840c00000, reserved size: 1073741824
Narrow klass base: 0x0000000800000000, Narrow klass shift: 3, Narrow klass range: 0x100000000

GC Precious Log:
 CPUs: 4 total, 4 available
 Memory: 3982M
 Large Page Support: Disabled
 NUMA Support: Disabled
 Compressed Oops: Enabled (32-bit)
 Heap Region Size: 1M
 Heap Min Capacity: 8M
 Heap Initial Capacity: 64M
 Heap Max Capacity: 996M
 Pre-touch: Disabled
 Parallel Workers: 4
 Concurrent Workers: 1
 Concurrent Refinement Workers: 4
 Periodic GC: Disabled

Heap:
 garbage-first heap   total 160768K, used 66973K [0x00000000c1c00000, 0x0000000100000000)
  region size 1024K, 22 young (22528K), 8 survivors (8192K)
 Metaspace       used 56101K, committed 56512K, reserved 1097728K
  class space    used 7716K, committed 7936K, reserved 1048576K

Heap Regions: E=young(eden), S=young(survivor), O=old, HS=humongous(starts), HC=humongous(continues), CS=collection set, F=free, OA=open archive, CA=closed archive, TAMS=top-at-mark-start (previous, next)
|   0|0x00000000c1c00000, 0x00000000c1d00000, 0x00000000c1d00000|100%|HS|  |TAMS 0x00000000c1d00000, 0x00000000c1c00000| Complete 
|   1|0x00000000c1d00000, 0x00000000c1e00000, 0x00000000c1e00000|100%| O|  |TAMS 0x00000000c1e00000, 0x00000000c1d00000| Untracked 
|   2|0x00000000c1e00000, 0x00000000c1f00000, 0x00000000c1f00000|100%| O|  |TAMS 0x00000000c1f00000, 0x00000000c1e00000| Untracked 
|   3|0x00000000c1f00000, 0x00000000c2000000, 0x00000000c2000000|100%| O|  |TAMS 0x00000000c2000000, 0x00000000c1f00000| Untracked 
|   4|0x00000000c2000000, 0x00000000c2100000, 0x00000000c2100000|100%| O|  |TAMS 0x00000000c2100000, 0x00000000c2000000| Untracked 
|   5|0x00000000c2100000, 0x00000000c2200000, 0x00000000c2200000|100%| O|  |TAMS 0x00000000c2200000, 0x00000000c2100000| Untracked 
|   6|0x00000000c2200000, 0x00000000c2300000, 0x00000000c2300000|100%| O|  |TAMS 0x00000000c2300000, 0x00000000c2200000| Untracked 
|   7|0x00000000c2300000, 0x00000000c2400000, 0x00000000c2400000|100%| O|  |TAMS 0x00000000c2400000, 0x00000000c2300000| Untracked 
|   8|0x00000000c2400000, 0x00000000c2500000, 0x00000000c2500000|100%| O|  |TAMS 0x00000000c2500000, 0x00000000c2400000| Untracked 
|   9|0x00000000c2500000, 0x00000000c2600000, 0x00000000c2600000|100%| O|  |TAMS 0x00000000c2600000, 0x00000000c2500000| Untracked 
|  10|0x00000000c2600000, 0x00000000c26f8400, 0x00000000c2700000| 96%| O|  |TAMS 0x00000000c26f8400, 0x00000000c2600000| Untracked 
|  11|0x00000000c2700000, 0x00000000c2800000, 0x00000000c2800000|100%| O|  |TAMS 0x00000000c2800000, 0x00000000c2700000| Untracked 
|  12|0x00000000c2800000, 0x00000000c2900000, 0x00000000c2900000|100%| O|  |TAMS 0x00000000c2900000, 0x00000000c2800000| Untracked 
|  13|0x00000000c2900000, 0x00000000c2a00000, 0x00000000c2a00000|100%| O|  |TAMS 0x00000000c2a00000, 0x00000000c2900000| Untracked 
|  14|0x00000000c2a00000, 0x00000000c2b00000, 0x00000000c2b00000|100%| O|  |TAMS 0x00000000c2b00000, 0x00000000c2a00000| Untracked 
|  15|0x00000000c2b00000, 0x00000000c2c00000, 0x00000000c2c00000|100%| O|  |TAMS 0x00000000c2c00000, 0x00000000c2b00000| Untracked 
|  16|0x00000000c2c00000, 0x00000000c2c00000, 0x00000000c2d00000|  0%| F|  |TAMS 0x00000000c2c00000, 0x00000000c2c00000| Untracked 
|  17|0x00000000c2d00000, 0x00000000c2e00000, 0x00000000c2e00000|100%| O|  |TAMS 0x00000000c2e00000, 0x00000000c2d00000| Untracked 
|  18|0x00000000c2e00000, 0x00000000c2f00000, 0x00000000c2f00000|100%| O|  |TAMS 0x00000000c2f00000, 0x00000000c2e00000| Untracked 
|  19|0x00000000c2f00000, 0x00000000c3000000, 0x00000000c3000000|100%| O|  |TAMS 0x00000000c3000000, 0x00000000c2f00000| Untracked 
|  20|0x00000000c3000000, 0x00000000c3100000, 0x00000000c3100000|100%| O|  |TAMS 0x00000000c3100000, 0x00000000c3000000| Untracked 
|  21|0x00000000c3100000, 0x00000000c3200000, 0x00000000c3200000|100%| O|  |TAMS 0x00000000c3200000, 0x00000000c3100000| Untracked 
|  22|0x00000000c3200000, 0x00000000c3300000, 0x00000000c3300000|100%| O|  |TAMS 0x00000000c3300000, 0x00000000c3200000| Untracked 
|  23|0x00000000c3300000, 0x00000000c3400000, 0x00000000c3400000|100%| O|  |TAMS 0x00000000c3400000, 0x00000000c3300000| Untracked 
|  24|0x00000000c3400000, 0x00000000c3500000, 0x00000000c3500000|100%| O|  |TAMS 0x00000000c3500000, 0x00000000c3400000| Untracked 
|  25|0x00000000c3500000, 0x00000000c3600000, 0x00000000c3600000|100%| O|  |TAMS 0x00000000c3500000, 0x00000000c3500000| Untracked 
|  26|0x00000000c3600000, 0x00000000c3700000, 0x00000000c3700000|100%| O|  |TAMS 0x00000000c3600000, 0x00000000c3600000| Untracked 
|  27|0x00000000c3700000, 0x00000000c3800000, 0x00000000c3800000|100%| O|  |TAMS 0x00000000c3800000, 0x00000000c3700000| Untracked 
|  28|0x00000000c3800000, 0x00000000c3900000, 0x00000000c3900000|100%| O|  |TAMS 0x00000000c3900000, 0x00000000c3800000| Untracked 
|  29|0x00000000c3900000, 0x00000000c3a00000, 0x00000000c3a00000|100%| O|  |TAMS 0x00000000c3900000, 0x00000000c3900000| Untracked 
|  30|0x00000000c3a00000, 0x00000000c3b00000, 0x00000000c3b00000|100%| O|  |TAMS 0x00000000c3a00000, 0x00000000c3a00000| Untracked 
|  31|0x00000000c3b00000, 0x00000000c3b6f000, 0x00000000c3c00000| 43%| O|  |TAMS 0x00000000c3b00000, 0x00000000c3b00000| Untracked 
|  32|0x00000000c3c00000, 0x00000000c3c00000, 0x00000000c3d00000|  0%| F|  |TAMS 0x00000000c3c00000, 0x00000000c3c00000| Untracked 
|  33|0x00000000c3d00000, 0x00000000c3d00000, 0x00000000c3e00000|  0%| F|  |TAMS 0x00000000c3d00000, 0x00000000c3d00000| Untracked 
|  34|0x00000000c3e00000, 0x00000000c3e00000, 0x00000000c3f00000|  0%| F|  |TAMS 0x00000000c3e00000, 0x00000000c3e00000| Untracked 
|  35|0x00000000c3f00000, 0x00000000c3f00000, 0x00000000c4000000|  0%| F|  |TAMS 0x00000000c3f00000, 0x00000000c3f00000| Untracked 
|  36|0x00000000c4000000, 0x00000000c4100000, 0x00000000c4100000|100%| O|  |TAMS 0x00000000c4035800, 0x00000000c4000000| Untracked 
|  37|0x00000000c4100000, 0x00000000c4200000, 0x00000000c4200000|100%| O|  |TAMS 0x00000000c4100000, 0x00000000c4100000| Untracked 
|  38|0x00000000c4200000, 0x00000000c4300000, 0x00000000c4300000|100%| O|  |TAMS 0x00000000c4200000, 0x00000000c4200000| Untracked 
|  39|0x00000000c4300000, 0x00000000c4400000, 0x00000000c4400000|100%| O|  |TAMS 0x00000000c4300000, 0x00000000c4300000| Untracked 
|  40|0x00000000c4400000, 0x00000000c4500000, 0x00000000c4500000|100%| O|  |TAMS 0x00000000c4400000, 0x00000000c4400000| Untracked 
|  41|0x00000000c4500000, 0x00000000c4600000, 0x00000000c4600000|100%| O|  |TAMS 0x00000000c4500000, 0x00000000c4500000| Untracked 
|  42|0x00000000c4600000, 0x00000000c4700000, 0x00000000c4700000|100%| O|  |TAMS 0x00000000c4600000, 0x00000000c4600000| Untracked 
|  43|0x00000000c4700000, 0x00000000c4800000, 0x00000000c4800000|100%| O|  |TAMS 0x00000000c4700000, 0x00000000c4700000| Untracked 
|  44|0x00000000c4800000, 0x00000000c4900000, 0x00000000c4900000|100%| O|  |TAMS 0x00000000c4800000, 0x00000000c4800000| Untracked 
|  45|0x00000000c4900000, 0x00000000c4a00000, 0x00000000c4a00000|100%| O|  |TAMS 0x00000000c4900000, 0x00000000c4900000| Untracked 
|  46|0x00000000c4a00000, 0x00000000c4b00000, 0x00000000c4b00000|100%| O|  |TAMS 0x00000000c4a00000, 0x00000000c4a00000| Untracked 
|  47|0x00000000c4b00000, 0x00000000c4c00000, 0x00000000c4c00000|100%| O|  |TAMS 0x00000000c4b00000, 0x00000000c4b00000| Untracked 
|  48|0x00000000c4c00000, 0x00000000c4d00000, 0x00000000c4d00000|100%| O|  |TAMS 0x00000000c4c00000, 0x00000000c4c00000| Untracked 
|  49|0x00000000c4d00000, 0x00000000c4e00000, 0x00000000c4e00000|100%| O|  |TAMS 0x00000000c4d00000, 0x00000000c4d00000| Untracked 
|  50|0x00000000c4e00000, 0x00000000c4f00000, 0x00000000c4f00000|100%| O|  |TAMS 0x00000000c4e00000, 0x00000000c4e00000| Untracked 
|  51|0x00000000c4f00000, 0x00000000c4f00000, 0x00000000c5000000|  0%| F|  |TAMS 0x00000000c4f00000, 0x00000000c4f00000| Untracked 
|  52|0x00000000c5000000, 0x00000000c5000000, 0x00000000c5100000|  0%| F|  |TAMS 0x00000000c5000000, 0x00000000c5000000| Untracked 
|  53|0x00000000c5100000, 0x00000000c5100000, 0x00000000c5200000|  0%| F|  |TAMS 0x00000000c5100000, 0x00000000c5100000| Untracked 
|  54|0x00000000c5200000, 0x00000000c5200000, 0x00000000c5300000|  0%| F|  |TAMS 0x00000000c5200000, 0x00000000c5200000| Untracked 
|  55|0x00000000c5300000, 0x00000000c5300000, 0x00000000c5400000|  0%| F|  |TAMS 0x00000000c5300000, 0x00000000c5300000| Untracked 
|  56|0x00000000c5400000, 0x00000000c5400000, 0x00000000c5500000|  0%| F|  |TAMS 0x00000000c5400000, 0x00000000c5400000| Untracked 
|  57|0x00000000c5500000, 0x00000000c5500000, 0x00000000c5600000|  0%| F|  |TAMS 0x00000000c5500000, 0x00000000c5500000| Untracked 
|  58|0x00000000c5600000, 0x00000000c5600000, 0x00000000c5700000|  0%| F|  |TAMS 0x00000000c5600000, 0x00000000c5600000| Untracked 
|  59|0x00000000c5700000, 0x00000000c5700000, 0x00000000c5800000|  0%| F|  |TAMS 0x00000000c5700000, 0x00000000c5700000| Untracked 
|  60|0x00000000c5800000, 0x00000000c5800000, 0x00000000c5900000|  0%| F|  |TAMS 0x00000000c5800000, 0x00000000c5800000| Untracked 
|  61|0x00000000c5900000, 0x00000000c5900000, 0x00000000c5a00000|  0%| F|  |TAMS 0x00000000c5900000, 0x00000000c5900000| Untracked 
|  62|0x00000000c5a00000, 0x00000000c5a00000, 0x00000000c5b00000|  0%| F|  |TAMS 0x00000000c5a00000, 0x00000000c5a00000| Untracked 
|  63|0x00000000c5b00000, 0x00000000c5b00000, 0x00000000c5c00000|  0%| F|  |TAMS 0x00000000c5b00000, 0x00000000c5b00000| Untracked 
|  64|0x00000000c5c00000, 0x00000000c5c00000, 0x00000000c5d00000|  0%| F|  |TAMS 0x00000000c5c00000, 0x00000000c5c00000| Untracked 
|  65|0x00000000c5d00000, 0x00000000c5d00000, 0x00000000c5e00000|  0%| F|  |TAMS 0x00000000c5d00000, 0x00000000c5d00000| Untracked 
|  66|0x00000000c5e00000, 0x00000000c5e00000, 0x00000000c5f00000|  0%| F|  |TAMS 0x00000000c5e00000, 0x00000000c5e00000| Untracked 
|  67|0x00000000c5f00000, 0x00000000c5f00000, 0x00000000c6000000|  0%| F|  |TAMS 0x00000000c5f00000, 0x00000000c5f00000| Untracked 
|  68|0x00000000c6000000, 0x00000000c6000000, 0x00000000c6100000|  0%| F|  |TAMS 0x00000000c6000000, 0x00000000c6000000| Untracked 
|  69|0x00000000c6100000, 0x00000000c6100000, 0x00000000c6200000|  0%| F|  |TAMS 0x00000000c6100000, 0x00000000c6100000| Untracked 
|  70|0x00000000c6200000, 0x00000000c6200000, 0x00000000c6300000|  0%| F|  |TAMS 0x00000000c6200000, 0x00000000c6200000| Untracked 
|  71|0x00000000c6300000, 0x00000000c6300000, 0x00000000c6400000|  0%| F|  |TAMS 0x00000000c6300000, 0x00000000c6300000| Untracked 
|  72|0x00000000c6400000, 0x00000000c6400000, 0x00000000c6500000|  0%| F|  |TAMS 0x00000000c6400000, 0x00000000c6400000| Untracked 
|  73|0x00000000c6500000, 0x00000000c6500000, 0x00000000c6600000|  0%| F|  |TAMS 0x00000000c6500000, 0x00000000c6500000| Untracked 
|  74|0x00000000c6600000, 0x00000000c6600000, 0x00000000c6700000|  0%| F|  |TAMS 0x00000000c6600000, 0x00000000c6600000| Untracked 
|  75|0x00000000c6700000, 0x00000000c6700000, 0x00000000c6800000|  0%| F|  |TAMS 0x00000000c6700000, 0x00000000c6700000| Untracked 
|  76|0x00000000c6800000, 0x00000000c6800000, 0x00000000c6900000|  0%| F|  |TAMS 0x00000000c6800000, 0x00000000c6800000| Untracked 
|  77|0x00000000c6900000, 0x00000000c6900000, 0x00000000c6a00000|  0%| F|  |TAMS 0x00000000c6900000, 0x00000000c6900000| Untracked 
|  78|0x00000000c6a00000, 0x00000000c6a00000, 0x00000000c6b00000|  0%| F|  |TAMS 0x00000000c6a00000, 0x00000000c6a00000| Untracked 
|  79|0x00000000c6b00000, 0x00000000c6b00000, 0x00000000c6c00000|  0%| F|  |TAMS 0x00000000c6b00000, 0x00000000c6b00000| Untracked 
|  80|0x00000000c6c00000, 0x00000000c6c00000, 0x00000000c6d00000|  0%| F|  |TAMS 0x00000000c6c00000, 0x00000000c6c00000| Untracked 
|  81|0x00000000c6d00000, 0x00000000c6d00000, 0x00000000c6e00000|  0%| F|  |TAMS 0x00000000c6d00000, 0x00000000c6d00000| Untracked 
|  82|0x00000000c6e00000, 0x00000000c6e00000, 0x00000000c6f00000|  0%| F|  |TAMS 0x00000000c6e00000, 0x00000000c6e00000| Untracked 
|  83|0x00000000c6f00000, 0x00000000c6f00000, 0x00000000c7000000|  0%| F|  |TAMS 0x00000000c6f00000, 0x00000000c6f00000| Untracked 
|  84|0x00000000c7000000, 0x00000000c7000000, 0x00000000c7100000|  0%| F|  |TAMS 0x00000000c7000000, 0x00000000c7000000| Untracked 
|  85|0x00000000c7100000, 0x00000000c7100000, 0x00000000c7200000|  0%| F|  |TAMS 0x00000000c7100000, 0x00000000c7100000| Untracked 
|  86|0x00000000c7200000, 0x00000000c7200000, 0x00000000c7300000|  0%| F|  |TAMS 0x00000000c7200000, 0x00000000c7200000| Untracked 
|  87|0x00000000c7300000, 0x00000000c7300000, 0x00000000c7400000|  0%| F|  |TAMS 0x00000000c7300000, 0x00000000c7300000| Untracked 
|  88|0x00000000c7400000, 0x00000000c7400000, 0x00000000c7500000|  0%| F|  |TAMS 0x00000000c7400000, 0x00000000c7400000| Untracked 
|  89|0x00000000c7500000, 0x00000000c7500000, 0x00000000c7600000|  0%| F|  |TAMS 0x00000000c7500000, 0x00000000c7500000| Untracked 
|  90|0x00000000c7600000, 0x00000000c7600000, 0x00000000c7700000|  0%| F|  |TAMS 0x00000000c7600000, 0x00000000c7600000| Untracked 
|  91|0x00000000c7700000, 0x00000000c7700000, 0x00000000c7800000|  0%| F|  |TAMS 0x00000000c7700000, 0x00000000c7700000| Untracked 
|  92|0x00000000c7800000, 0x00000000c7800000, 0x00000000c7900000|  0%| F|  |TAMS 0x00000000c7800000, 0x00000000c7800000| Untracked 
|  93|0x00000000c7900000, 0x00000000c7a00000, 0x00000000c7a00000|100%| S|CS|TAMS 0x00000000c7900000, 0x00000000c7900000| Complete 
|  94|0x00000000c7a00000, 0x00000000c7b00000, 0x00000000c7b00000|100%| S|CS|TAMS 0x00000000c7a00000, 0x00000000c7a00000| Complete 
|  95|0x00000000c7b00000, 0x00000000c7c00000, 0x00000000c7c00000|100%| S|CS|TAMS 0x00000000c7b00000, 0x00000000c7b00000| Complete 
|  96|0x00000000c7c00000, 0x00000000c7d00000, 0x00000000c7d00000|100%| S|CS|TAMS 0x00000000c7c00000, 0x00000000c7c00000| Complete 
|  97|0x00000000c7d00000, 0x00000000c7e00000, 0x00000000c7e00000|100%| S|CS|TAMS 0x00000000c7d00000, 0x00000000c7d00000| Complete 
|  98|0x00000000c7e00000, 0x00000000c7f00000, 0x00000000c7f00000|100%| S|CS|TAMS 0x00000000c7e00000, 0x00000000c7e00000| Complete 
|  99|0x00000000c7f00000, 0x00000000c8000000, 0x00000000c8000000|100%| S|CS|TAMS 0x00000000c7f00000, 0x00000000c7f00000| Complete 
| 100|0x00000000c8000000, 0x00000000c8100000, 0x00000000c8100000|100%| S|CS|TAMS 0x00000000c8000000, 0x00000000c8000000| Complete 
| 101|0x00000000c8100000, 0x00000000c8100000, 0x00000000c8200000|  0%| F|  |TAMS 0x00000000c8100000, 0x00000000c8100000| Untracked 
| 102|0x00000000c8200000, 0x00000000c8200000, 0x00000000c8300000|  0%| F|  |TAMS 0x00000000c8200000, 0x00000000c8200000| Untracked 
| 103|0x00000000c8300000, 0x00000000c8300000, 0x00000000c8400000|  0%| F|  |TAMS 0x00000000c8300000, 0x00000000c8300000| Untracked 
| 104|0x00000000c8400000, 0x00000000c8400000, 0x00000000c8500000|  0%| F|  |TAMS 0x00000000c8400000, 0x00000000c8400000| Untracked 
| 105|0x00000000c8500000, 0x00000000c8500000, 0x00000000c8600000|  0%| F|  |TAMS 0x00000000c8500000, 0x00000000c8500000| Untracked 
| 106|0x00000000c8600000, 0x00000000c8600000, 0x00000000c8700000|  0%| F|  |TAMS 0x00000000c8600000, 0x00000000c8600000| Untracked 
| 107|0x00000000c8700000, 0x00000000c8700000, 0x00000000c8800000|  0%| F|  |TAMS 0x00000000c8700000, 0x00000000c8700000| Untracked 
| 108|0x00000000c8800000, 0x00000000c8800000, 0x00000000c8900000|  0%| F|  |TAMS 0x00000000c8800000, 0x00000000c8800000| Untracked 
| 109|0x00000000c8900000, 0x00000000c8900000, 0x00000000c8a00000|  0%| F|  |TAMS 0x00000000c8900000, 0x00000000c8900000| Untracked 
| 110|0x00000000c8a00000, 0x00000000c8a00000, 0x00000000c8b00000|  0%| F|  |TAMS 0x00000000c8a00000, 0x00000000c8a00000| Untracked 
| 111|0x00000000c8b00000, 0x00000000c8b00000, 0x00000000c8c00000|  0%| F|  |TAMS 0x00000000c8b00000, 0x00000000c8b00000| Untracked 
| 112|0x00000000c8c00000, 0x00000000c8c00000, 0x00000000c8d00000|  0%| F|  |TAMS 0x00000000c8c00000, 0x00000000c8c00000| Untracked 
| 113|0x00000000c8d00000, 0x00000000c8d00000, 0x00000000c8e00000|  0%| F|  |TAMS 0x00000000c8d00000, 0x00000000c8d00000| Untracked 
| 114|0x00000000c8e00000, 0x00000000c8e00000, 0x00000000c8f00000|  0%| F|  |TAMS 0x00000000c8e00000, 0x00000000c8e00000| Untracked 
| 115|0x00000000c8f00000, 0x00000000c8f00000, 0x00000000c9000000|  0%| F|  |TAMS 0x00000000c8f00000, 0x00000000c8f00000| Untracked 
| 116|0x00000000c9000000, 0x00000000c9000000, 0x00000000c9100000|  0%| F|  |TAMS 0x00000000c9000000, 0x00000000c9000000| Untracked 
| 117|0x00000000c9100000, 0x00000000c9100000, 0x00000000c9200000|  0%| F|  |TAMS 0x00000000c9100000, 0x00000000c9100000| Untracked 
| 118|0x00000000c9200000, 0x00000000c9200000, 0x00000000c9300000|  0%| F|  |TAMS 0x00000000c9200000, 0x00000000c9200000| Untracked 
| 119|0x00000000c9300000, 0x00000000c9300000, 0x00000000c9400000|  0%| F|  |TAMS 0x00000000c9300000, 0x00000000c9300000| Untracked 
| 120|0x00000000c9400000, 0x00000000c9400000, 0x00000000c9500000|  0%| F|  |TAMS 0x00000000c9400000, 0x00000000c9400000| Untracked 
| 121|0x00000000c9500000, 0x00000000c9500000, 0x00000000c9600000|  0%| F|  |TAMS 0x00000000c9500000, 0x00000000c9500000| Untracked 
| 122|0x00000000c9600000, 0x00000000c9600000, 0x00000000c9700000|  0%| F|  |TAMS 0x00000000c9600000, 0x00000000c9600000| Untracked 
| 123|0x00000000c9700000, 0x00000000c9700000, 0x00000000c9800000|  0%| F|  |TAMS 0x00000000c9700000, 0x00000000c9700000| Untracked 
| 124|0x00000000c9800000, 0x00000000c9800000, 0x00000000c9900000|  0%| F|  |TAMS 0x00000000c9800000, 0x00000000c9800000| Untracked 
| 125|0x00000000c9900000, 0x00000000c9900000, 0x00000000c9a00000|  0%| F|  |TAMS 0x00000000c9900000, 0x00000000c9900000| Untracked 
| 126|0x00000000c9a00000, 0x00000000c9a00000, 0x00000000c9b00000|  0%| F|  |TAMS 0x00000000c9a00000, 0x00000000c9a00000| Untracked 
| 127|0x00000000c9b00000, 0x00000000c9b00000, 0x00000000c9c00000|  0%| F|  |TAMS 0x00000000c9b00000, 0x00000000c9b00000| Untracked 
| 128|0x00000000c9c00000, 0x00000000c9c00000, 0x00000000c9d00000|  0%| F|  |TAMS 0x00000000c9c00000, 0x00000000c9c00000| Untracked 
| 129|0x00000000c9d00000, 0x00000000c9d00000, 0x00000000c9e00000|  0%| F|  |TAMS 0x00000000c9d00000, 0x00000000c9d00000| Untracked 
| 130|0x00000000c9e00000, 0x00000000c9e00000, 0x00000000c9f00000|  0%| F|  |TAMS 0x00000000c9e00000, 0x00000000c9e00000| Untracked 
| 131|0x00000000c9f00000, 0x00000000c9f00000, 0x00000000ca000000|  0%| F|  |TAMS 0x00000000c9f00000, 0x00000000c9f00000| Untracked 
| 132|0x00000000ca000000, 0x00000000ca000000, 0x00000000ca100000|  0%| F|  |TAMS 0x00000000ca000000, 0x00000000ca000000| Untracked 
| 133|0x00000000ca100000, 0x00000000ca100000, 0x00000000ca200000|  0%| F|  |TAMS 0x00000000ca100000, 0x00000000ca100000| Untracked 
| 134|0x00000000ca200000, 0x00000000ca200000, 0x00000000ca300000|  0%| F|  |TAMS 0x00000000ca200000, 0x00000000ca200000| Untracked 
| 135|0x00000000ca300000, 0x00000000ca300000, 0x00000000ca400000|  0%| F|  |TAMS 0x00000000ca300000, 0x00000000ca300000| Untracked 
| 136|0x00000000ca400000, 0x00000000ca400000, 0x00000000ca500000|  0%| F|  |TAMS 0x00000000ca400000, 0x00000000ca400000| Untracked 
| 137|0x00000000ca500000, 0x00000000ca500000, 0x00000000ca600000|  0%| F|  |TAMS 0x00000000ca500000, 0x00000000ca500000| Untracked 
| 138|0x00000000ca600000, 0x00000000ca600000, 0x00000000ca700000|  0%| F|  |TAMS 0x00000000ca600000, 0x00000000ca600000| Untracked 
| 139|0x00000000ca700000, 0x00000000ca700000, 0x00000000ca800000|  0%| F|  |TAMS 0x00000000ca700000, 0x00000000ca700000| Untracked 
| 140|0x00000000ca800000, 0x00000000ca800000, 0x00000000ca900000|  0%| F|  |TAMS 0x00000000ca800000, 0x00000000ca800000| Untracked 
| 141|0x00000000ca900000, 0x00000000ca900000, 0x00000000caa00000|  0%| F|  |TAMS 0x00000000ca900000, 0x00000000ca900000| Untracked 
| 142|0x00000000caa00000, 0x00000000caa00000, 0x00000000cab00000|  0%| F|  |TAMS 0x00000000caa00000, 0x00000000caa00000| Untracked 
| 143|0x00000000cab00000, 0x00000000cabc0368, 0x00000000cac00000| 75%| E|  |TAMS 0x00000000cab00000, 0x00000000cab00000| Complete 
| 144|0x00000000cac00000, 0x00000000cad00000, 0x00000000cad00000|100%| E|  |TAMS 0x00000000cac00000, 0x00000000cac00000| Complete 
| 145|0x00000000cad00000, 0x00000000cae00000, 0x00000000cae00000|100%| E|CS|TAMS 0x00000000cad00000, 0x00000000cad00000| Complete 
| 146|0x00000000cae00000, 0x00000000caf00000, 0x00000000caf00000|100%| E|CS|TAMS 0x00000000cae00000, 0x00000000cae00000| Complete 
| 147|0x00000000caf00000, 0x00000000cb000000, 0x00000000cb000000|100%| E|CS|TAMS 0x00000000caf00000, 0x00000000caf00000| Complete 
| 148|0x00000000cb000000, 0x00000000cb100000, 0x00000000cb100000|100%| E|CS|TAMS 0x00000000cb000000, 0x00000000cb000000| Complete 
| 149|0x00000000cb100000, 0x00000000cb200000, 0x00000000cb200000|100%| E|CS|TAMS 0x00000000cb100000, 0x00000000cb100000| Complete 
| 150|0x00000000cb200000, 0x00000000cb300000, 0x00000000cb300000|100%| E|CS|TAMS 0x00000000cb200000, 0x00000000cb200000| Complete 
| 151|0x00000000cb300000, 0x00000000cb400000, 0x00000000cb400000|100%| E|CS|TAMS 0x00000000cb300000, 0x00000000cb300000| Complete 
| 152|0x00000000cb400000, 0x00000000cb500000, 0x00000000cb500000|100%| E|CS|TAMS 0x00000000cb400000, 0x00000000cb400000| Complete 
| 153|0x00000000cb500000, 0x00000000cb600000, 0x00000000cb600000|100%| E|CS|TAMS 0x00000000cb500000, 0x00000000cb500000| Complete 
| 154|0x00000000cb600000, 0x00000000cb700000, 0x00000000cb700000|100%| E|CS|TAMS 0x00000000cb600000, 0x00000000cb600000| Complete 
| 155|0x00000000cb700000, 0x00000000cb800000, 0x00000000cb800000|100%| E|CS|TAMS 0x00000000cb700000, 0x00000000cb700000| Complete 
| 156|0x00000000cb800000, 0x00000000cb900000, 0x00000000cb900000|100%| E|CS|TAMS 0x00000000cb800000, 0x00000000cb800000| Complete 

Card table byte_map: [0x000001bb41b60000,0x000001bb41d60000] _byte_map_base: 0x000001bb41552000

Marking Bits (Prev, Next): (CMBitMap*) 0x000001bb2b21f340, (CMBitMap*) 0x000001bb2b21f300
 Prev Bits: [0x000001bb42ef0000, 0x000001bb43e80000)
 Next Bits: [0x000001bb41f60000, 0x000001bb42ef0000)

Polling page: 0x000001bb290e0000

Metaspace:

Usage:
  Non-class:     47.25 MB used.
      Class:      7.54 MB used.
       Both:     54.79 MB used.

Virtual space:
  Non-class space:       48.00 MB reserved,      47.44 MB ( 99%) committed,  6 nodes.
      Class space:        1.00 GB reserved,       7.75 MB ( <1%) committed,  1 nodes.
              Both:        1.05 GB reserved,      55.19 MB (  5%) committed. 

Chunk freelists:
   Non-Class:  176.00 KB
       Class:  240.00 KB
        Both:  416.00 KB

MaxMetaspaceSize: 17179869184.00 GB
CompressedClassSpaceSize: 1.00 GB
 - commit_granule_bytes: 65536.
 - commit_granule_words: 8192.
 - virtual_space_node_default_size: 1048576.
 - enlarge_chunks_in_place: 1.
 - new_chunks_are_fully_committed: 0.
 - uncommit_free_chunks: 1.
 - use_allocation_guard: 0.
 - handle_deallocations: 1.


Internal statistics:

num_allocs_failed_limit: 6.
num_arena_births: 568.
num_arena_deaths: 2.
num_vsnodes_births: 7.
num_vsnodes_deaths: 0.
num_space_committed: 883.
num_space_uncommitted: 0.
num_chunks_returned_to_freelist: 9.
num_chunks_taken_from_freelist: 2567.
num_chunk_merges: 6.
num_chunk_splits: 1851.
num_chunks_enlarged: 1441.
num_purges: 2.

CodeHeap 'non-profiled nmethods': size=238912Kb used=8874Kb max_used=8874Kb free=230037Kb
 bounds [0x000001bb33010000, 0x000001bb338c0000, 0x000001bb41960000]
CodeHeap 'non-nmethods': size=6848Kb used=1313Kb max_used=1313Kb free=5534Kb
 bounds [0x000001bb32960000, 0x000001bb32bd0000, 0x000001bb33010000]
 total_blobs=5968 nmethods=5322 adapters=574
 compilation: enabled
              stopped_count=0, restarted_count=0
 full_count=0

Compilation events (20 events):
Event: 54.313 Thread 0x000001bb462df150 5313       1       org.apache.logging.log4j.message.DefaultFlowMessageFactory::<init> (9 bytes)
Event: 54.314 Thread 0x000001bb462df150 nmethod 5313 0x000001bb338b7790 code [0x000001bb338b7940, 0x000001bb338b7ad8]
Event: 54.314 Thread 0x000001bb462df150 5314       1       org.apache.logging.log4j.message.DefaultFlowMessageFactory::<init> (15 bytes)
Event: 54.314 Thread 0x000001bb462df150 nmethod 5314 0x000001bb338b7b90 code [0x000001bb338b7d20, 0x000001bb338b7e78]
Event: 54.314 Thread 0x000001bb462df150 5315       1       org.apache.logging.log4j.spi.AbstractLogger$LocalLogBuilder::<init> (15 bytes)
Event: 54.315 Thread 0x000001bb462df150 nmethod 5315 0x000001bb338b7f10 code [0x000001bb338b80a0, 0x000001bb338b8238]
Event: 54.315 Thread 0x000001bb462df150 5316       1       org.apache.logging.log4j.message.ParameterizedMessageFactory::<init> (5 bytes)
Event: 54.315 Thread 0x000001bb462df150 nmethod 5316 0x000001bb338b8310 code [0x000001bb338b84a0, 0x000001bb338b8558]
Event: 54.335 Thread 0x000001bb462df150 5317       1       org.apache.logging.slf4j.SLF4JLogger::<init> (30 bytes)
Event: 54.336 Thread 0x000001bb462df150 nmethod 5317 0x000001bb338b8610 code [0x000001bb338b8800, 0x000001bb338b8d38]
Event: 54.336 Thread 0x000001bb462df150 5318       1       org.apache.logging.log4j.spi.AbstractLogger::<init> (9 bytes)
Event: 54.337 Thread 0x000001bb462df150 nmethod 5318 0x000001bb338b8f90 code [0x000001bb338b9180, 0x000001bb338b94f8]
Event: 54.337 Thread 0x000001bb462df150 5319   !   1       org.apache.logging.log4j.spi.AbstractLogger::createDefaultMessageFactory (25 bytes)
Event: 54.337 Thread 0x000001bb462df150 nmethod 5319 0x000001bb338b9710 code [0x000001bb338b98e0, 0x000001bb338b9c08]
Event: 54.337 Thread 0x000001bb462df150 5320       1       org.apache.logging.log4j.spi.LoggerRegistry::putIfAbsent (20 bytes)
Event: 54.338 Thread 0x000001bb462df150 nmethod 5320 0x000001bb338b9e10 code [0x000001bb338b9fe0, 0x000001bb338ba228]
Event: 54.338 Thread 0x000001bb462df150 5321       1       org.apache.logging.log4j.spi.LoggerRegistry::factoryKey (18 bytes)
Event: 54.339 Thread 0x000001bb462df150 nmethod 5321 0x000001bb338ba410 code [0x000001bb338ba5c0, 0x000001bb338ba6c8]
Event: 54.339 Thread 0x000001bb462df150 5322       1       org.apache.logging.log4j.spi.LoggerRegistry$ConcurrentMapFactory::putIfAbsent (13 bytes)
Event: 54.339 Thread 0x000001bb462df150 nmethod 5322 0x000001bb338ba790 code [0x000001bb338ba940, 0x000001bb338baa88]

GC Heap History (20 events):
Event: 19.270 GC heap before
{Heap before GC invocations=15 (full 0):
 garbage-first heap   total 82944K, used 24697K [0x00000000c1c00000, 0x0000000100000000)
  region size 1024K, 9 young (9216K), 3 survivors (3072K)
 Metaspace       used 35279K, committed 35648K, reserved 1081344K
  class space    used 4875K, committed 5056K, reserved 1048576K
}
Event: 19.282 GC heap after
{Heap after GC invocations=16 (full 0):
 garbage-first heap   total 82944K, used 20158K [0x00000000c1c00000, 0x0000000100000000)
  region size 1024K, 4 young (4096K), 4 survivors (4096K)
 Metaspace       used 35279K, committed 35648K, reserved 1081344K
  class space    used 4875K, committed 5056K, reserved 1048576K
}
Event: 23.900 GC heap before
{Heap before GC invocations=17 (full 0):
 garbage-first heap   total 75776K, used 61118K [0x00000000c1c00000, 0x0000000100000000)
  region size 1024K, 44 young (45056K), 4 survivors (4096K)
 Metaspace       used 43811K, committed 44224K, reserved 1089536K
  class space    used 6105K, committed 6272K, reserved 1048576K
}
Event: 23.926 GC heap after
{Heap after GC invocations=18 (full 0):
 garbage-first heap   total 75776K, used 22423K [0x00000000c1c00000, 0x0000000100000000)
  region size 1024K, 5 young (5120K), 5 survivors (5120K)
 Metaspace       used 43811K, committed 44224K, reserved 1089536K
  class space    used 6105K, committed 6272K, reserved 1048576K
}
Event: 26.339 GC heap before
{Heap before GC invocations=18 (full 0):
 garbage-first heap   total 75776K, used 60311K [0x00000000c1c00000, 0x0000000100000000)
  region size 1024K, 42 young (43008K), 5 survivors (5120K)
 Metaspace       used 46883K, committed 47360K, reserved 1089536K
  class space    used 6609K, committed 6848K, reserved 1048576K
}
Event: 26.355 GC heap after
{Heap after GC invocations=19 (full 0):
 garbage-first heap   total 75776K, used 25061K [0x00000000c1c00000, 0x0000000100000000)
  region size 1024K, 6 young (6144K), 6 survivors (6144K)
 Metaspace       used 46883K, committed 47360K, reserved 1089536K
  class space    used 6609K, committed 6848K, reserved 1048576K
}
Event: 27.541 GC heap before
{Heap before GC invocations=19 (full 0):
 garbage-first heap   total 75776K, used 60901K [0x00000000c1c00000, 0x0000000100000000)
  region size 1024K, 40 young (40960K), 6 survivors (6144K)
 Metaspace       used 48713K, committed 49216K, reserved 1097728K
  class space    used 6810K, committed 7040K, reserved 1048576K
}
Event: 27.560 GC heap after
{Heap after GC invocations=20 (full 0):
 garbage-first heap   total 75776K, used 31370K [0x00000000c1c00000, 0x0000000100000000)
  region size 1024K, 5 young (5120K), 5 survivors (5120K)
 Metaspace       used 48713K, committed 49216K, reserved 1097728K
  class space    used 6810K, committed 7040K, reserved 1048576K
}
Event: 27.903 GC heap before
{Heap before GC invocations=20 (full 0):
 garbage-first heap   total 75776K, used 55946K [0x00000000c1c00000, 0x0000000100000000)
  region size 1024K, 30 young (30720K), 5 survivors (5120K)
 Metaspace       used 48840K, committed 49280K, reserved 1097728K
  class space    used 6825K, committed 7040K, reserved 1048576K
}
Event: 27.924 GC heap after
{Heap after GC invocations=21 (full 0):
 garbage-first heap   total 75776K, used 38463K [0x00000000c1c00000, 0x0000000100000000)
  region size 1024K, 4 young (4096K), 4 survivors (4096K)
 Metaspace       used 48840K, committed 49280K, reserved 1097728K
  class space    used 6825K, committed 7040K, reserved 1048576K
}
Event: 27.955 GC heap before
{Heap before GC invocations=21 (full 0):
 garbage-first heap   total 75776K, used 41535K [0x00000000c1c00000, 0x0000000100000000)
  region size 1024K, 8 young (8192K), 4 survivors (4096K)
 Metaspace       used 48840K, committed 49280K, reserved 1097728K
  class space    used 6825K, committed 7040K, reserved 1048576K
}
Event: 27.963 GC heap after
{Heap after GC invocations=22 (full 0):
 garbage-first heap   total 75776K, used 40513K [0x00000000c1c00000, 0x0000000100000000)
  region size 1024K, 2 young (2048K), 2 survivors (2048K)
 Metaspace       used 48840K, committed 49280K, reserved 1097728K
  class space    used 6825K, committed 7040K, reserved 1048576K
}
Event: 28.101 GC heap before
{Heap before GC invocations=22 (full 0):
 garbage-first heap   total 75776K, used 56897K [0x00000000c1c00000, 0x0000000100000000)
  region size 1024K, 18 young (18432K), 2 survivors (2048K)
 Metaspace       used 48840K, committed 49280K, reserved 1097728K
  class space    used 6825K, committed 7040K, reserved 1048576K
}
Event: 28.109 GC heap after
{Heap after GC invocations=23 (full 0):
 garbage-first heap   total 75776K, used 44393K [0x00000000c1c00000, 0x0000000100000000)
  region size 1024K, 3 young (3072K), 3 survivors (3072K)
 Metaspace       used 48840K, committed 49280K, reserved 1097728K
  class space    used 6825K, committed 7040K, reserved 1048576K
}
Event: 28.360 GC heap before
{Heap before GC invocations=24 (full 0):
 garbage-first heap   total 80896K, used 57705K [0x00000000c1c00000, 0x0000000100000000)
  region size 1024K, 17 young (17408K), 3 survivors (3072K)
 Metaspace       used 48836K, committed 49280K, reserved 1097728K
  class space    used 6824K, committed 7040K, reserved 1048576K
}
Event: 28.373 GC heap after
{Heap after GC invocations=25 (full 0):
 garbage-first heap   total 80896K, used 49101K [0x00000000c1c00000, 0x0000000100000000)
  region size 1024K, 3 young (3072K), 3 survivors (3072K)
 Metaspace       used 48836K, committed 49280K, reserved 1097728K
  class space    used 6824K, committed 7040K, reserved 1048576K
}
Event: 28.378 GC heap before
{Heap before GC invocations=25 (full 0):
 garbage-first heap   total 80896K, used 50125K [0x00000000c1c00000, 0x0000000100000000)
  region size 1024K, 4 young (4096K), 3 survivors (3072K)
 Metaspace       used 48836K, committed 49280K, reserved 1097728K
  class space    used 6824K, committed 7040K, reserved 1048576K
}
Event: 28.391 GC heap after
{Heap after GC invocations=26 (full 0):
 garbage-first heap   total 160768K, used 44303K [0x00000000c1c00000, 0x0000000100000000)
  region size 1024K, 1 young (1024K), 1 survivors (1024K)
 Metaspace       used 48836K, committed 49280K, reserved 1097728K
  class space    used 6824K, committed 7040K, reserved 1048576K
}
Event: 42.021 GC heap before
{Heap before GC invocations=26 (full 0):
 garbage-first heap   total 160768K, used 101647K [0x00000000c1c00000, 0x0000000100000000)
  region size 1024K, 57 young (58368K), 1 survivors (1024K)
 Metaspace       used 52852K, committed 53312K, reserved 1097728K
  class space    used 7325K, committed 7488K, reserved 1048576K
}
Event: 42.061 GC heap after
{Heap after GC invocations=27 (full 0):
 garbage-first heap   total 160768K, used 54685K [0x00000000c1c00000, 0x0000000100000000)
  region size 1024K, 8 young (8192K), 8 survivors (8192K)
 Metaspace       used 52852K, committed 53312K, reserved 1097728K
  class space    used 7325K, committed 7488K, reserved 1048576K
}

Deoptimization events (8 events):
Event: 10.185 Thread 0x000001bb4768f340 DEOPT PACKING pc=0x000001bb333476d4 sp=0x00000049f42fc9a0
Event: 10.185 Thread 0x000001bb4768f340 DEOPT UNPACKING pc=0x000001bb329adeb0 sp=0x00000049f42fbef8 mode 0
Event: 14.948 Thread 0x000001bb4756b430 DEOPT PACKING pc=0x000001bb33294197 sp=0x00000049f43fe7f0
Event: 14.948 Thread 0x000001bb4756b430 DEOPT UNPACKING pc=0x000001bb329adeb0 sp=0x00000049f43fdc48 mode 3
Event: 14.948 Thread 0x000001bb4756b950 DEOPT PACKING pc=0x000001bb332ea901 sp=0x00000049f44fef30
Event: 14.948 Thread 0x000001bb4756b950 DEOPT UNPACKING pc=0x000001bb329adeb0 sp=0x00000049f44fe3c8 mode 3
Event: 22.846 Thread 0x000001bb4768f340 DEOPT PACKING pc=0x000001bb332de172 sp=0x00000049f42fa230
Event: 22.846 Thread 0x000001bb4768f340 DEOPT UNPACKING pc=0x000001bb329adeb0 sp=0x00000049f42f9738 mode 3

Classes unloaded (1 events):
Event: 28.117 Thread 0x000001bb2b2a5930 Unloading class 0x0000000801288000 'jdk/internal/reflect/GeneratedSerializationConstructorAccessor4'

Classes redefined (0 events):
No events

Internal exceptions (20 events):
Event: 25.121 Thread 0x000001bb4768f340 Exception <a 'java/lang/ClassNotFoundException'{0x00000000c53cead8}: org/springframework/web/servlet/config/annotation/WebMvcConfigurationSupportCustomizer> (0x00000000c53cead8) 
thrown [t:\workspace\open\src\hotspot\share\classfile\systemDictionary.cpp, line 256]
Event: 25.124 Thread 0x000001bb4768f340 Exception <a 'java/lang/ClassNotFoundException'{0x00000000c53e32c8}: org/springframework/web/servlet/config/annotation/DelegatingWebMvcConfigurationCustomizer> (0x00000000c53e32c8) 
thrown [t:\workspace\open\src\hotspot\share\classfile\systemDictionary.cpp, line 256]
Event: 25.128 Thread 0x000001bb4768f340 Exception <a 'java/lang/ClassNotFoundException'{0x00000000c53ecec8}: org/springframework/boot/autoconfigure/web/servlet/WebMvcAutoConfiguration$EnableWebMvcConfigurationCustomizer> (0x00000000c53ecec8) 
thrown [t:\workspace\open\src\hotspot\share\classfile\systemDictionary.cpp, line 256]
Event: 25.130 Thread 0x000001bb4768f340 Exception <a 'java/lang/ClassNotFoundException'{0x00000000c52012d0}: org/springframework/context/ResourceLoaderAwareCustomizer> (0x00000000c52012d0) 
thrown [t:\workspace\open\src\hotspot\share\classfile\systemDictionary.cpp, line 256]
Event: 25.132 Thread 0x000001bb4768f340 Exception <a 'java/lang/ClassNotFoundException'{0x00000000c52068d0}: org/springframework/beans/factory/AwareCustomizer> (0x00000000c52068d0) 
thrown [t:\workspace\open\src\hotspot\share\classfile\systemDictionary.cpp, line 256]
Event: 25.133 Thread 0x000001bb4768f340 Exception <a 'java/lang/ClassNotFoundException'{0x00000000c520b360}: org/springframework/context/ApplicationContextAwareCustomizer> (0x00000000c520b360) 
thrown [t:\workspace\open\src\hotspot\share\classfile\systemDictionary.cpp, line 256]
Event: 25.135 Thread 0x000001bb4768f340 Exception <a 'java/lang/ClassNotFoundException'{0x00000000c5211530}: org/springframework/beans/factory/AwareCustomizer> (0x00000000c5211530) 
thrown [t:\workspace\open\src\hotspot\share\classfile\systemDictionary.cpp, line 256]
Event: 25.136 Thread 0x000001bb4768f340 Exception <a 'java/lang/ClassNotFoundException'{0x00000000c5215f98}: org/springframework/web/context/ServletContextAwareCustomizer> (0x00000000c5215f98) 
thrown [t:\workspace\open\src\hotspot\share\classfile\systemDictionary.cpp, line 256]
Event: 25.137 Thread 0x000001bb4768f340 Exception <a 'java/lang/ClassNotFoundException'{0x00000000c521b9f0}: org/springframework/beans/factory/AwareCustomizer> (0x00000000c521b9f0) 
thrown [t:\workspace\open\src\hotspot\share\classfile\systemDictionary.cpp, line 256]
Event: 26.086 Thread 0x000001bb4768f340 Exception <a 'java/lang/NoSuchMethodError'{0x00000000c47dfa88}: 'void java.lang.invoke.DirectMethodHandle$Holder.invokeVirtual(java.lang.Object, java.lang.Object, int)'> (0x00000000c47dfa88) 
thrown [t:\workspace\open\src\hotspot\share\interpreter\linkResolver.cpp, line 790]
Event: 26.095 Thread 0x000001bb4768f340 Exception <a 'java/lang/NoSuchMethodError'{0x00000000c47fada0}: 'void java.lang.invoke.DirectMethodHandle$Holder.invokeVirtual(java.lang.Object, java.lang.Object, long)'> (0x00000000c47fada0) 
thrown [t:\workspace\open\src\hotspot\share\interpreter\linkResolver.cpp, line 790]
Event: 26.848 Thread 0x000001bb4768f340 Exception <a 'java/lang/IncompatibleClassChangeError'{0x00000000c60d8a58}: Found class java.lang.Object, but interface was expected> (0x00000000c60d8a58) 
thrown [t:\workspace\open\src\hotspot\share\interpreter\linkResolver.cpp, line 857]
Event: 28.820 Thread 0x000001bb4768f340 Exception <a 'java/lang/NoSuchMethodError'{0x00000000c99058c0}: 'int java.lang.invoke.DirectMethodHandle$Holder.invokeStaticInit(java.lang.Object, java.lang.Object, java.lang.Object, java.lang.Object)'> (0x00000000c99058c0) 
thrown [t:\workspace\open\src\hotspot\share\interpreter\linkResolver.cpp, line 790]
Event: 29.973 Thread 0x000001bb4768f340 Exception <a 'java/lang/NoSuchMethodError'{0x00000000c8b04890}: 'java.lang.Object java.lang.invoke.DirectMethodHandle$Holder.invokeSpecial(java.lang.Object, java.lang.Object, int, java.lang.Object, int, java.lang.Object)'> (0x00000000c8b04890) 
thrown [t:\workspace\open\src\hotspot\share\interpreter\linkResolver.cpp, line 790]
Event: 29.975 Thread 0x000001bb4768f340 Exception <a 'java/lang/NoSuchMethodError'{0x00000000c8b0cef8}: 'java.lang.Object java.lang.invoke.DirectMethodHandle$Holder.newInvokeSpecial(java.lang.Object, java.lang.Object, int, java.lang.Object, int)'> (0x00000000c8b0cef8) 
thrown [t:\workspace\open\src\hotspot\share\interpreter\linkResolver.cpp, line 790]
Event: 29.976 Thread 0x000001bb4768f340 Exception <a 'java/lang/NoSuchMethodError'{0x00000000c8b11108}: 'java.lang.Object java.lang.invoke.DirectMethodHandle$Holder.invokeSpecial(java.lang.Object, java.lang.Object, java.lang.Object, int, java.lang.Object, int)'> (0x00000000c8b11108) 
thrown [t:\workspace\open\src\hotspot\share\interpreter\linkResolver.cpp, line 790]
Event: 29.979 Thread 0x000001bb4768f340 Exception <a 'java/lang/NoSuchMethodError'{0x00000000c8b1b578}: 'void java.lang.invoke.DirectMethodHandle$Holder.invokeVirtual(java.lang.Object, java.lang.Object)'> (0x00000000c8b1b578) 
thrown [t:\workspace\open\src\hotspot\share\interpreter\linkResolver.cpp, line 790]
Event: 42.212 Thread 0x000001bb4b5e75e0 Exception <a 'java/lang/ClassNotFoundException'{0x00000000cb63d3a0}: java/lang/ObjectCustomizer> (0x00000000cb63d3a0) 
thrown [t:\workspace\open\src\hotspot\share\classfile\systemDictionary.cpp, line 256]
Event: 42.216 Thread 0x000001bb4b5e75e0 Exception <a 'java/lang/ClassNotFoundException'{0x00000000cb64a3b0}: locations/LocationCustomizer> (0x00000000cb64a3b0) 
thrown [t:\workspace\open\src\hotspot\share\classfile\systemDictionary.cpp, line 256]
Event: 44.187 Thread 0x000001bb4b5e7b30 Exception <a 'sun/net/ConnectionResetException'{0x00000000cb0003a0}: Connection reset> (0x00000000cb0003a0) 
thrown [t:\workspace\open\src\hotspot\share\prims\jni.cpp, line 600]

Events (20 events):
Event: 42.210 loading class java/lang/ObjectCustomizer
Event: 42.210 loading class java/lang/ObjectCustomizer done
Event: 42.212 loading class java/lang/ObjectCustomizer
Event: 42.212 loading class java/lang/ObjectCustomizer done
Event: 42.437 Executing  VM operation: HandshakeAllThreads
Event: 42.437 Executing  VM operation: HandshakeAllThreads done
Event: 42.616 loading class javax/xml/datatype/XMLGregorianCalendar
Event: 42.628 loading class javax/xml/datatype/XMLGregorianCalendar done
Event: 42.713 Executing  VM operation: HandshakeAllThreads
Event: 42.713 Executing  VM operation: HandshakeAllThreads done
Event: 42.918 loading class java/nio/StringCharBuffer
Event: 42.928 loading class java/nio/StringCharBuffer done
Event: 43.727 Executing  VM operation: Cleanup
Event: 43.727 Executing  VM operation: Cleanup done
Event: 44.186 loading class sun/net/ConnectionResetException
Event: 44.186 loading class java/net/SocketException
Event: 44.186 loading class java/net/SocketException done
Event: 44.186 loading class sun/net/ConnectionResetException done
Event: 53.802 Executing  VM operation: Cleanup
Event: 53.802 Executing  VM operation: Cleanup done


Dynamic libraries:
0x00007ff7c4d50000 - 0x00007ff7c4d60000 	C:\Program Files\Java\jdk-16.0.1\bin\java.exe
0x00007ff81aa50000 - 0x00007ff81ac45000 	C:\WINDOWS\SYSTEM32\ntdll.dll
0x00007ff819560000 - 0x00007ff81961d000 	C:\WINDOWS\System32\KERNEL32.DLL
0x00007ff818600000 - 0x00007ff8188c9000 	C:\WINDOWS\System32\KERNELBASE.dll
0x00007ff818450000 - 0x00007ff818550000 	C:\WINDOWS\System32\ucrtbase.dll
0x00007ff811430000 - 0x00007ff811448000 	C:\Program Files\Java\jdk-16.0.1\bin\jli.dll
0x00007ff8113f0000 - 0x00007ff811409000 	C:\Program Files\Java\jdk-16.0.1\bin\VCRUNTIME140.dll
0x00007ff819380000 - 0x00007ff81942c000 	C:\WINDOWS\System32\ADVAPI32.dll
0x00007ff818f40000 - 0x00007ff818fde000 	C:\WINDOWS\System32\msvcrt.dll
0x00007ff8190d0000 - 0x00007ff81916b000 	C:\WINDOWS\System32\sechost.dll
0x00007ff819430000 - 0x00007ff81955a000 	C:\WINDOWS\System32\RPCRT4.dll
0x00007ff818d80000 - 0x00007ff818f20000 	C:\WINDOWS\System32\USER32.dll
0x00007ff8183c0000 - 0x00007ff8183e2000 	C:\WINDOWS\System32\win32u.dll
0x00007ff801780000 - 0x00007ff801a1a000 	C:\WINDOWS\WinSxS\amd64_microsoft.windows.common-controls_6595b64144ccf1df_6.0.19041.1083_none_60bbe31371f34e71\COMCTL32.dll
0x00007ff81a410000 - 0x00007ff81a43a000 	C:\WINDOWS\System32\GDI32.dll
0x00007ff8188d0000 - 0x00007ff8189db000 	C:\WINDOWS\System32\gdi32full.dll
0x00007ff818190000 - 0x00007ff81822d000 	C:\WINDOWS\System32\msvcp_win.dll
0x00007ff8082b0000 - 0x00007ff8082ba000 	C:\WINDOWS\SYSTEM32\VERSION.dll
0x00007ff818ba0000 - 0x00007ff818bd0000 	C:\WINDOWS\System32\IMM32.DLL
0x00007ff80f8e0000 - 0x00007ff80f8ec000 	C:\Program Files\Java\jdk-16.0.1\bin\vcruntime140_1.dll
0x00007ffffa0e0000 - 0x00007ffffa171000 	C:\Program Files\Java\jdk-16.0.1\bin\msvcp140.dll
0x00007fffe9d10000 - 0x00007fffea8bb000 	C:\Program Files\Java\jdk-16.0.1\bin\server\jvm.dll
0x00007ff819f90000 - 0x00007ff819f98000 	C:\WINDOWS\System32\PSAPI.DLL
0x00007ff813bd0000 - 0x00007ff813bd9000 	C:\WINDOWS\SYSTEM32\WSOCK32.dll
0x00007ff8012f0000 - 0x00007ff801317000 	C:\WINDOWS\SYSTEM32\WINMM.dll
0x00007ff819e10000 - 0x00007ff819e7b000 	C:\WINDOWS\System32\WS2_32.dll
0x00007ff816080000 - 0x00007ff816092000 	C:\WINDOWS\SYSTEM32\kernel.appcore.dll
0x00007ff8033c0000 - 0x00007ff8033ca000 	C:\Program Files\Java\jdk-16.0.1\bin\jimage.dll
0x00007ffff9230000 - 0x00007ffff9414000 	C:\WINDOWS\SYSTEM32\DBGHELP.DLL
0x00007ffff9200000 - 0x00007ffff922c000 	C:\WINDOWS\SYSTEM32\dbgcore.DLL
0x00007ff8189e0000 - 0x00007ff818a63000 	C:\WINDOWS\System32\bcryptPrimitives.dll
0x00007fffffde0000 - 0x00007fffffdee000 	C:\Program Files\Java\jdk-16.0.1\bin\instrument.dll
0x00007ff800180000 - 0x00007ff8001a5000 	C:\Program Files\Java\jdk-16.0.1\bin\java.dll
0x00007ff819620000 - 0x00007ff819d5f000 	C:\WINDOWS\System32\SHELL32.dll
0x00007ff816280000 - 0x00007ff816a11000 	C:\WINDOWS\SYSTEM32\windows.storage.dll
0x00007ff81a440000 - 0x00007ff81a795000 	C:\WINDOWS\System32\combase.dll
0x00007ff817b20000 - 0x00007ff817b4c000 	C:\WINDOWS\SYSTEM32\Wldp.dll
0x00007ff819e80000 - 0x00007ff819f2e000 	C:\WINDOWS\System32\SHCORE.dll
0x00007ff819f30000 - 0x00007ff819f85000 	C:\WINDOWS\System32\shlwapi.dll
0x00007ff8180d0000 - 0x00007ff8180ef000 	C:\WINDOWS\SYSTEM32\profapi.dll
0x00007fffffe00000 - 0x00007fffffe18000 	C:\Program Files\Java\jdk-16.0.1\bin\zip.dll
0x00007ff800160000 - 0x00007ff800179000 	C:\Program Files\Java\jdk-16.0.1\bin\net.dll
0x00007ff80d150000 - 0x00007ff80d25a000 	C:\WINDOWS\SYSTEM32\WINHTTP.dll
0x00007ff817900000 - 0x00007ff81796a000 	C:\WINDOWS\system32\mswsock.dll
0x00007ff800140000 - 0x00007ff800153000 	C:\Program Files\Java\jdk-16.0.1\bin\nio.dll
0x00007fffffd80000 - 0x00007fffffd9a000 	C:\Program Files\JetBrains\IntelliJ IDEA 2021.1.2\bin\breakgen64.dll
0x00007ff817610000 - 0x00007ff8176dc000 	C:\WINDOWS\SYSTEM32\DNSAPI.dll
0x00007ff8175c0000 - 0x00007ff8175fb000 	C:\WINDOWS\SYSTEM32\IPHLPAPI.DLL
0x00007ff81a7a0000 - 0x00007ff81a7a8000 	C:\WINDOWS\System32\NSI.dll
0x00007ff80f470000 - 0x00007ff80f47a000 	C:\Windows\System32\rasadhlp.dll
0x00007ff80a620000 - 0x00007ff80a69f000 	C:\WINDOWS\System32\fwpuclnt.dll
0x00007ff818230000 - 0x00007ff818257000 	C:\WINDOWS\System32\bcrypt.dll
0x00007ff8016b0000 - 0x00007ff8016b9000 	C:\Program Files\Java\jdk-16.0.1\bin\management.dll
0x00007ff800130000 - 0x00007ff80013b000 	C:\Program Files\Java\jdk-16.0.1\bin\management_ext.dll
0x00007ff817e40000 - 0x00007ff817e58000 	C:\WINDOWS\SYSTEM32\CRYPTSP.dll
0x00007ff817250000 - 0x00007ff817284000 	C:\WINDOWS\system32\rsaenh.dll
0x00007ff818050000 - 0x00007ff81807e000 	C:\WINDOWS\SYSTEM32\USERENV.dll
0x00007ff817a80000 - 0x00007ff817a8c000 	C:\WINDOWS\SYSTEM32\CRYPTBASE.dll
0x00007ff80d7d0000 - 0x00007ff80d7e7000 	C:\WINDOWS\SYSTEM32\dhcpcsvc6.DLL
0x00007ff80d7b0000 - 0x00007ff80d7cd000 	C:\WINDOWS\SYSTEM32\dhcpcsvc.DLL
0x00007ff811800000 - 0x00007ff811817000 	C:\WINDOWS\system32\napinsp.dll
0x00007ff810f70000 - 0x00007ff810f8b000 	C:\WINDOWS\system32\pnrpnsp.dll
0x00007ff8129a0000 - 0x00007ff8129b5000 	C:\WINDOWS\system32\wshbth.dll
0x00007ff813b80000 - 0x00007ff813b9d000 	C:\WINDOWS\system32\NLAapi.dll
0x00007ff810f50000 - 0x00007ff810f62000 	C:\WINDOWS\System32\winrnr.dll
0x00007fffffec0000 - 0x00007fffffece000 	C:\Program Files\Java\jdk-16.0.1\bin\sunmscapi.dll
0x00007ff818260000 - 0x00007ff8183bf000 	C:\WINDOWS\System32\CRYPT32.dll
0x00007ff817b90000 - 0x00007ff817bb7000 	C:\WINDOWS\SYSTEM32\ncrypt.dll
0x00007ff817b50000 - 0x00007ff817b8b000 	C:\WINDOWS\SYSTEM32\NTASN1.dll
0x00007fffffdf0000 - 0x00007fffffdf7000 	C:\WINDOWS\system32\wshunix.dll

dbghelp: loaded successfully - version: 4.0.5 - missing functions: none
symbol engine: initialized successfully - sym options: 0x614 - pdb path: .;C:\Program Files\Java\jdk-16.0.1\bin;C:\WINDOWS\SYSTEM32;C:\WINDOWS\WinSxS\amd64_microsoft.windows.common-controls_6595b64144ccf1df_6.0.19041.1083_none_60bbe31371f34e71;C:\Program Files\Java\jdk-16.0.1\bin\server;C:\Program Files\JetBrains\IntelliJ IDEA 2021.1.2\bin

VM Arguments:
jvm_args: -XX:TieredStopAtLevel=1 -Xverify:none -Dspring.output.ansi.enabled=always -javaagent:C:\Program Files\JetBrains\IntelliJ IDEA 2021.1.2\lib\idea_rt.jar=1241:C:\Program Files\JetBrains\IntelliJ IDEA 2021.1.2\bin -Dcom.sun.management.jmxremote -Dspring.jmx.enabled=true -Dspring.liveBeansView.mbeanDomain -Dspring.application.admin.enabled=true -Dfile.encoding=UTF-8 
java_command: locations.LocationsSpringSolutionApplication
java_class_path (initial): D:\senior-solutions\locations-spring-solution\target\classes;C:\Users\Bereg Brand\.m2\repository\org\springframework\boot\spring-boot-starter-web\2.5.1\spring-boot-starter-web-2.5.1.jar;C:\Users\Bereg Brand\.m2\repository\org\springframework\boot\spring-boot-starter\2.5.1\spring-boot-starter-2.5.1.jar;C:\Users\Bereg Brand\.m2\repository\org\springframework\boot\spring-boot-starter-logging\2.5.1\spring-boot-starter-logging-2.5.1.jar;C:\Users\Bereg Brand\.m2\repository\ch\qos\logback\logback-classic\1.2.3\logback-classic-1.2.3.jar;C:\Users\Bereg Brand\.m2\repository\ch\qos\logback\logback-core\1.2.3\logback-core-1.2.3.jar;C:\Users\Bereg Brand\.m2\repository\org\apache\logging\log4j\log4j-to-slf4j\2.14.1\log4j-to-slf4j-2.14.1.jar;C:\Users\Bereg Brand\.m2\repository\org\apache\logging\log4j\log4j-api\2.14.1\log4j-api-2.14.1.jar;C:\Users\Bereg Brand\.m2\repository\org\slf4j\jul-to-slf4j\1.7.30\jul-to-slf4j-1.7.30.jar;C:\Users\Bereg Brand\.m2\repository\jakarta\annotation\jakarta.annotation-api\1.3.5\jakarta.annotation-api-1.3.5.jar;C:\Users\Bereg Brand\.m2\repository\org\yaml\snakeyaml\1.28\snakeyaml-1.28.jar;C:\Users\Bereg Brand\.m2\repository\org\springframework\boot\spring-boot-starter-json\2.5.1\spring-boot-starter-json-2.5.1.jar;C:\Users\Bereg Brand\.m2\repository\com\fasterxml\jackson\datatype\jackson-datatype-jdk8\2.12.3\jackson-datatype-jdk8-2.12.3.jar;C:\Users\Bereg Brand\.m2\repository\com\fasterxml\jackson\datatype\jackson-datatype-jsr310\2.12.3\jackson-datatype-jsr310-2.12.3.jar;C:\Users\Bereg Brand\.m2\repository\com\fasterxml\jackson\module\jackson-module-parameter-names\2.12.3\jackson-module-parameter-names-2.12.3.jar;C:\Users\Bereg Brand\.m2\repository\org\springframework\boot\spring-boot-starter-tomcat\2.5.1\spring-boot-starter-tomcat-2.5.1.jar;C:\Users\Bereg Brand\.m2\repository\org\apache\tomcat\embed\tomcat-embed-core\9.0.46\tomcat-embed-core-9.0.46.jar;C:\Users\Bereg Brand\.m2\repository\org\apache\tomcat\embed\tomcat-emb
Launcher Type: SUN_STANDARD

[Global flags]
     intx CICompilerCount                          = 3                                         {product} {ergonomic}
     uint ConcGCThreads                            = 1                                         {product} {ergonomic}
     uint G1ConcRefinementThreads                  = 4                                         {product} {ergonomic}
   size_t G1HeapRegionSize                         = 1048576                                   {product} {ergonomic}
    uintx GCDrainStackTargetSize                   = 64                                        {product} {ergonomic}
   size_t InitialHeapSize                          = 67108864                                  {product} {ergonomic}
     bool ManagementServer                         = true                                      {product} {command line}
   size_t MarkStackSize                            = 4194304                                   {product} {ergonomic}
   size_t MaxHeapSize                              = 1044381696                                {product} {ergonomic}
   size_t MaxNewSize                               = 625999872                                 {product} {ergonomic}
   size_t MinHeapDeltaBytes                        = 1048576                                   {product} {ergonomic}
   size_t MinHeapSize                              = 8388608                                   {product} {ergonomic}
    uintx NonNMethodCodeHeapSize                   = 6973028                                {pd product} {ergonomic}
    uintx NonProfiledCodeHeapSize                  = 244685212                              {pd product} {ergonomic}
    uintx ProfiledCodeHeapSize                     = 0                                      {pd product} {ergonomic}
    uintx ReservedCodeCacheSize                    = 251658240                              {pd product} {ergonomic}
     bool SegmentedCodeCache                       = true                                      {product} {ergonomic}
   size_t SoftMaxHeapSize                          = 1044381696                             {manageable} {ergonomic}
     intx TieredStopAtLevel                        = 1                                         {product} {command line}
     bool UseCompressedClassPointers               = true                           {product lp64_product} {ergonomic}
     bool UseCompressedOops                        = true                           {product lp64_product} {ergonomic}
     bool UseG1GC                                  = true                                      {product} {ergonomic}
     bool UseLargePagesIndividualAllocation        = false                                  {pd product} {ergonomic}

Logging:
Log output configuration:
 #0: stdout all=warning uptime,level,tags
 #1: stderr all=off uptime,level,tags

Environment Variables:
JAVA_HOME=C:\Program Files\Java\jdk-15.0.1
PATH=C:\Program Files\Common Files\Oracle\Java\javapath;C:\ProgramData\Oracle\Java\javapath;C:\WINDOWS\system32;C:\WINDOWS;C:\WINDOWS\System32\Wbem;C:\WINDOWS\System32\WindowsPowerShell\v1.0\;C:\Program Files (x86)\Windows Live\Shared;C:\WINDOWS\System32\OpenSSH\;C:\Program Files\Java\jdk-14.0.1\bin;C:\Program Files\Java\jdk-16.0.1\bin;C:\Program Files\Git\cmd;C:\Program Files\nodejs\;C:\Program Files\Docker\Docker\resources\bin;C:\ProgramData\DockerDesktop\version-bin;C:\Program Files\Common Files\Oracle\Java\javapath;C:\WINDOWS\system32;C:\ProgramData\Oracle\Java\javapath;C:\WINDOWS;C:\WINDOWS\System32\Wbem;C:\WINDOWS\System32\WindowsPowerShell\v1.0\;C:\Program Files (x86)\Windows Live\Shared;C:\WINDOWS\System32\OpenSSH\;C:\Program Files\Java\jdk-14.0.1\bin;C:\Program Files\nodejs\;C:\Program Files\Git\cmd;C:\Program Files\Java\jdk-15.0.1\bin;D:\JAVA\apache-maven-3.6.3\bin;;C:\Users\Bereg Brand\AppData\Local\Microsoft\WindowsApps;C:\Program Files\JetBrains\IntelliJ IDEA Educational Edition 2021.1.1\bin;;C:\Program Files\JetBrains\IntelliJ IDEA 2021.1.2\bin;;C:\Users\Bereg Brand\AppData\Roaming\npm
USERNAME=Bereg Brand
OS=Windows_NT
PROCESSOR_IDENTIFIER=Intel64 Family 6 Model 55 Stepping 8, GenuineIntel



---------------  S Y S T E M  ---------------

OS:
 Windows 10 , 64 bit Build 19041 (10.0.19041.1023)
OS uptime: 0 days 7:02 hours
Hyper-V role detected

CPU: total 4 (initial active 4) (4 cores per cpu, 1 threads per core) family 6 model 55 stepping 8 microcode 0x838, cx8, cmov, fxsr, mmx, 3dnowpref, sse, sse2, sse3, ssse3, sse4.1, sse4.2, popcnt, tsc, tscinvbit, erms, clmul, clflush, hv

Memory: 4k page, system-wide physical 3982M (283M free)
TotalPageFile size 8078M (AvailPageFile size 1M)
current process WorkingSet (physical memory assigned to process): 266M, peak: 266M
current process commit charge ("private bytes"): 327M, peak: 327M

vm_info: Java HotSpot(TM) 64-Bit Server VM (16.0.1+9-24) for windows-amd64 JRE (16.0.1+9-24), built on Mar 26 2021 19:31:42 by "mach5one" with MS VC++ 16.7 (VS2019)

END.
